#
# There is insufficient memory for the Java Runtime Environment to continue.
# Native memory allocation (malloc) failed to allocate 1732096 bytes for Chunk::new
# Possible reasons:
#   The system is out of physical RAM or swap space
#   In 32 bit mode, the process size limit was hit
# Possible solutions:
#   Reduce memory load on the system
#   Increase physical memory or swap space
#   Check if swap backing store is full
#   Use 64 bit Java on a 64 bit OS
#   Decrease Java heap size (-Xmx/-Xms)
#   Decrease number of Java threads
#   Decrease Java thread stack sizes (-Xss)
#   Set larger code cache with -XX:ReservedCodeCacheSize=
# This output file may be truncated or incomplete.
#
#  Out of Memory Error (allocation.cpp:390), pid=16292, tid=0x0000000000004208
#
# JRE version: Java(TM) SE Runtime Environment (8.0_144-b01) (build 1.8.0_144-b01)
# Java VM: Java HotSpot(TM) 64-Bit Server VM (25.144-b01 mixed mode windows-amd64 compressed oops)
# Failed to write core dump. Minidumps are not enabled by default on client versions of Windows
#

---------------  T H R E A D  ---------------

Current thread (0x00000000179ae800):  JavaThread "C2 CompilerThread1" daemon [_thread_in_native, id=16904, stack(0x0000000019500000,0x0000000019600000)]

Stack: [0x0000000019500000,0x0000000019600000]
[error occurred during error reporting (printing stack bounds), id 0xc0000005]

Native frames: (J=compiled Java code, j=interpreted, Vv=VM code, C=native code)


Current CompileTask:
C2:   8319 2230   !   4       java.net.URLClassLoader$1::run (63 bytes)


---------------  P R O C E S S  ---------------

Java Threads: ( => current thread )
  0x0000000018dec000 JavaThread "Service Thread" daemon [_thread_blocked, id=1636, stack(0x0000000019700000,0x0000000019800000)]
  0x0000000018d57000 JavaThread "C1 CompilerThread2" daemon [_thread_blocked, id=23344, stack(0x0000000019600000,0x0000000019700000)]
=>0x00000000179ae800 JavaThread "C2 CompilerThread1" daemon [_thread_in_native, id=16904, stack(0x0000000019500000,0x0000000019600000)]
  0x00000000179aa800 JavaThread "C2 CompilerThread0" daemon [_thread_in_native, id=7280, stack(0x0000000019400000,0x0000000019500000)]
  0x0000000017994000 JavaThread "Monitor Ctrl-Break" daemon [_thread_in_native, id=9256, stack(0x0000000019300000,0x0000000019400000)]
  0x0000000018d43800 JavaThread "Attach Listener" daemon [_thread_blocked, id=15388, stack(0x0000000019200000,0x0000000019300000)]
  0x0000000017963000 JavaThread "Signal Dispatcher" daemon [_thread_blocked, id=21012, stack(0x0000000019100000,0x0000000019200000)]
  0x000000001793e000 JavaThread "Finalizer" daemon [_thread_blocked, id=8296, stack(0x0000000018ba0000,0x0000000018ca0000)]
  0x0000000002e16000 JavaThread "Reference Handler" daemon [_thread_blocked, id=23080, stack(0x0000000018aa0000,0x0000000018ba0000)]
  0x0000000002d26000 JavaThread "main" [_thread_in_native, id=9360, stack(0x0000000002af0000,0x0000000002bf0000)]

Other Threads:
  0x0000000017917000 VMThread [stack: 0x00000000189a0000,0x0000000018aa0000] [id=21588]
  0x0000000018e1d000 WatcherThread [stack: 0x0000000019800000,0x0000000019900000] [id=10760]

VM state:not at safepoint (normal execution)

VM Mutex/Monitor currently owned by a thread: None

Heap:
 PSYoungGen      total 143360K, used 52894K [0x00000000d5f00000, 0x00000000df600000, 0x0000000100000000)
  eden space 133120K, 39% used [0x00000000d5f00000,0x00000000d92a7980,0x00000000de100000)
  from space 10240K, 0% used [0x00000000dec00000,0x00000000dec00000,0x00000000df600000)
  to   space 10752K, 0% used [0x00000000de100000,0x00000000de100000,0x00000000deb80000)
 ParOldGen       total 64512K, used 10509K [0x0000000081c00000, 0x0000000085b00000, 0x00000000d5f00000)
  object space 64512K, 16% used [0x0000000081c00000,0x00000000826434a8,0x0000000085b00000)
 Metaspace       used 24387K, capacity 24622K, committed 24960K, reserved 1071104K
  class space    used 3038K, capacity 3109K, committed 3200K, reserved 1048576K

Card table byte_map: [0x00000000121e0000,0x00000000125e0000] byte_map_base: 0x0000000011dd2000

Marking Bits: (ParMarkBitMap*) 0x000000005334d850
 Begin Bits: [0x0000000012c90000, 0x0000000014c20000)
 End Bits:   [0x0000000014c20000, 0x0000000016bb0000)

Polling page: 0x00000000025c0000

CodeCache: size=245760Kb used=9278Kb max_used=9278Kb free=236481Kb
 bounds [0x0000000002e20000, 0x0000000003740000, 0x0000000011e20000]
 total_blobs=2771 nmethods=2399 adapters=284
 compilation: enabled

Compilation events (10 events):
Event: 8.304 Thread 0x0000000018d57000 2413       2       java.util.HashMap::putVal (300 bytes)
Event: 8.305 Thread 0x0000000018d57000 nmethod 2413 0x00000000037339d0 code [0x0000000003733be0, 0x00000000037342f8]
Event: 8.306 Thread 0x0000000018d57000 2414       3       org.hibernate.validator.internal.metadata.raw.ExecutableElement$MethodElement::equals (65 bytes)
Event: 8.306 Thread 0x0000000018d57000 nmethod 2414 0x0000000003734950 code [0x0000000003734ae0, 0x00000000037350e8]
Event: 8.306 Thread 0x0000000018d57000 2416       3       org.hibernate.validator.internal.metadata.aggregated.PropertyMetaData$Builder::accepts (62 bytes)
Event: 8.307 Thread 0x0000000018d57000 nmethod 2416 0x0000000003735250 code [0x0000000003735440, 0x0000000003735da8]
Event: 8.307 Thread 0x0000000018d57000 2415       3       org.hibernate.validator.internal.util.CollectionHelper::newHashSet (8 bytes)
Event: 8.307 Thread 0x0000000018d57000 nmethod 2415 0x0000000003736090 code [0x0000000003736220, 0x00000000037366b0]
Event: 8.307 Thread 0x0000000018d57000 2417       3       java.util.Collections$UnmodifiableMap::<init> (22 bytes)
Event: 8.307 Thread 0x0000000018d57000 nmethod 2417 0x0000000003736910 code [0x0000000003736a80, 0x0000000003736d48]

GC Heap History (10 events):
Event: 3.659 GC heap before
{Heap before GC invocations=3 (full 0):
 PSYoungGen      total 38400K, used 37877K [0x00000000d5f00000, 0x00000000d8980000, 0x0000000100000000)
  eden space 33280K, 100% used [0x00000000d5f00000,0x00000000d7f80000,0x00000000d7f80000)
  from space 5120K, 89% used [0x00000000d8480000,0x00000000d88fd708,0x00000000d8980000)
  to   space 5120K, 0% used [0x00000000d7f80000,0x00000000d7f80000,0x00000000d8480000)
 ParOldGen       total 87552K, used 16K [0x0000000081c00000, 0x0000000087180000, 0x00000000d5f00000)
  object space 87552K, 0% used [0x0000000081c00000,0x0000000081c04000,0x0000000087180000)
 Metaspace       used 13968K, capacity 14108K, committed 14336K, reserved 1062912K
  class space    used 1735K, capacity 1755K, committed 1792K, reserved 1048576K
Event: 3.675 GC heap after
Heap after GC invocations=3 (full 0):
 PSYoungGen      total 38400K, used 5092K [0x00000000d5f00000, 0x00000000daa00000, 0x0000000100000000)
  eden space 33280K, 0% used [0x00000000d5f00000,0x00000000d5f00000,0x00000000d7f80000)
  from space 5120K, 99% used [0x00000000d7f80000,0x00000000d8479100,0x00000000d8480000)
  to   space 5120K, 0% used [0x00000000da500000,0x00000000da500000,0x00000000daa00000)
 ParOldGen       total 87552K, used 3892K [0x0000000081c00000, 0x0000000087180000, 0x00000000d5f00000)
  object space 87552K, 4% used [0x0000000081c00000,0x0000000081fcd3e8,0x0000000087180000)
 Metaspace       used 13968K, capacity 14108K, committed 14336K, reserved 1062912K
  class space    used 1735K, capacity 1755K, committed 1792K, reserved 1048576K
}
Event: 4.081 GC heap before
{Heap before GC invocations=4 (full 0):
 PSYoungGen      total 38400K, used 38372K [0x00000000d5f00000, 0x00000000daa00000, 0x0000000100000000)
  eden space 33280K, 100% used [0x00000000d5f00000,0x00000000d7f80000,0x00000000d7f80000)
  from space 5120K, 99% used [0x00000000d7f80000,0x00000000d8479100,0x00000000d8480000)
  to   space 5120K, 0% used [0x00000000da500000,0x00000000da500000,0x00000000daa00000)
 ParOldGen       total 87552K, used 3892K [0x0000000081c00000, 0x0000000087180000, 0x00000000d5f00000)
  object space 87552K, 4% used [0x0000000081c00000,0x0000000081fcd3e8,0x0000000087180000)
 Metaspace       used 15404K, capacity 15616K, committed 15872K, reserved 1062912K
  class space    used 1903K, capacity 1953K, committed 2048K, reserved 1048576K
Event: 4.096 GC heap after
Heap after GC invocations=4 (full 0):
 PSYoungGen      total 71680K, used 5117K [0x00000000d5f00000, 0x00000000daa00000, 0x0000000100000000)
  eden space 66560K, 0% used [0x00000000d5f00000,0x00000000d5f00000,0x00000000da000000)
  from space 5120K, 99% used [0x00000000da500000,0x00000000da9ff460,0x00000000daa00000)
  to   space 5120K, 0% used [0x00000000da000000,0x00000000da000000,0x00000000da500000)
 ParOldGen       total 87552K, used 6362K [0x0000000081c00000, 0x0000000087180000, 0x00000000d5f00000)
  object space 87552K, 7% used [0x0000000081c00000,0x0000000082236a80,0x0000000087180000)
 Metaspace       used 15404K, capacity 15616K, committed 15872K, reserved 1062912K
  class space    used 1903K, capacity 1953K, committed 2048K, reserved 1048576K
}
Event: 5.229 GC heap before
{Heap before GC invocations=5 (full 0):
 PSYoungGen      total 71680K, used 71677K [0x00000000d5f00000, 0x00000000daa00000, 0x0000000100000000)
  eden space 66560K, 100% used [0x00000000d5f00000,0x00000000da000000,0x00000000da000000)
  from space 5120K, 99% used [0x00000000da500000,0x00000000da9ff460,0x00000000daa00000)
  to   space 5120K, 0% used [0x00000000da000000,0x00000000da000000,0x00000000da500000)
 ParOldGen       total 87552K, used 6362K [0x0000000081c00000, 0x0000000087180000, 0x00000000d5f00000)
  object space 87552K, 7% used [0x0000000081c00000,0x0000000082236a80,0x0000000087180000)
 Metaspace       used 19181K, capacity 19404K, committed 19584K, reserved 1067008K
  class space    used 2346K, capacity 2426K, committed 2432K, reserved 1048576K
Event: 5.242 GC heap after
Heap after GC invocations=5 (full 0):
 PSYoungGen      total 71680K, used 5096K [0x00000000d5f00000, 0x00000000df700000, 0x0000000100000000)
  eden space 66560K, 0% used [0x00000000d5f00000,0x00000000d5f00000,0x00000000da000000)
  from space 5120K, 99% used [0x00000000da000000,0x00000000da4fa040,0x00000000da500000)
  to   space 11264K, 0% used [0x00000000dec00000,0x00000000dec00000,0x00000000df700000)
 ParOldGen       total 87552K, used 10107K [0x0000000081c00000, 0x0000000087180000, 0x00000000d5f00000)
  object space 87552K, 11% used [0x0000000081c00000,0x00000000825ded50,0x0000000087180000)
 Metaspace       used 19181K, capacity 19404K, committed 19584K, reserved 1067008K
  class space    used 2346K, capacity 2426K, committed 2432K, reserved 1048576K
}
Event: 6.363 GC heap before
{Heap before GC invocations=6 (full 0):
 PSYoungGen      total 71680K, used 43034K [0x00000000d5f00000, 0x00000000df700000, 0x0000000100000000)
  eden space 66560K, 56% used [0x00000000d5f00000,0x00000000d840c920,0x00000000da000000)
  from space 5120K, 99% used [0x00000000da000000,0x00000000da4fa040,0x00000000da500000)
  to   space 11264K, 0% used [0x00000000dec00000,0x00000000dec00000,0x00000000df700000)
 ParOldGen       total 87552K, used 10107K [0x0000000081c00000, 0x0000000087180000, 0x00000000d5f00000)
  object space 87552K, 11% used [0x0000000081c00000,0x00000000825ded50,0x0000000087180000)
 Metaspace       used 20967K, capacity 21188K, committed 21296K, reserved 1069056K
  class space    used 2576K, capacity 2654K, committed 2688K, reserved 1048576K
Event: 6.379 GC heap after
Heap after GC invocations=6 (full 0):
 PSYoungGen      total 143360K, used 6391K [0x00000000d5f00000, 0x00000000df600000, 0x0000000100000000)
  eden space 133120K, 0% used [0x00000000d5f00000,0x00000000d5f00000,0x00000000de100000)
  from space 10240K, 62% used [0x00000000dec00000,0x00000000df23de88,0x00000000df600000)
  to   space 10752K, 0% used [0x00000000de100000,0x00000000de100000,0x00000000deb80000)
 ParOldGen       total 87552K, used 10115K [0x0000000081c00000, 0x0000000087180000, 0x00000000d5f00000)
  object space 87552K, 11% used [0x0000000081c00000,0x00000000825e0d50,0x0000000087180000)
 Metaspace       used 20967K, capacity 21188K, committed 21296K, reserved 1069056K
  class space    used 2576K, capacity 2654K, committed 2688K, reserved 1048576K
}
Event: 6.380 GC heap before
{Heap before GC invocations=7 (full 1):
 PSYoungGen      total 143360K, used 6391K [0x00000000d5f00000, 0x00000000df600000, 0x0000000100000000)
  eden space 133120K, 0% used [0x00000000d5f00000,0x00000000d5f00000,0x00000000de100000)
  from space 10240K, 62% used [0x00000000dec00000,0x00000000df23de88,0x00000000df600000)
  to   space 10752K, 0% used [0x00000000de100000,0x00000000de100000,0x00000000deb80000)
 ParOldGen       total 87552K, used 10115K [0x0000000081c00000, 0x0000000087180000, 0x00000000d5f00000)
  object space 87552K, 11% used [0x0000000081c00000,0x00000000825e0d50,0x0000000087180000)
 Metaspace       used 20967K, capacity 21188K, committed 21296K, reserved 1069056K
  class space    used 2576K, capacity 2654K, committed 2688K, reserved 1048576K
Event: 6.470 GC heap after
Heap after GC invocations=7 (full 1):
 PSYoungGen      total 143360K, used 0K [0x00000000d5f00000, 0x00000000df600000, 0x0000000100000000)
  eden space 133120K, 0% used [0x00000000d5f00000,0x00000000d5f00000,0x00000000de100000)
  from space 10240K, 0% used [0x00000000dec00000,0x00000000dec00000,0x00000000df600000)
  to   space 10752K, 0% used [0x00000000de100000,0x00000000de100000,0x00000000deb80000)
 ParOldGen       total 64512K, used 10509K [0x0000000081c00000, 0x0000000085b00000, 0x00000000d5f00000)
  object space 64512K, 16% used [0x0000000081c00000,0x00000000826434a8,0x0000000085b00000)
 Metaspace       used 20967K, capacity 21188K, committed 21296K, reserved 1069056K
  class space    used 2576K, capacity 2654K, committed 2688K, reserved 1048576K
}

Deoptimization events (10 events):
Event: 7.234 Thread 0x0000000002d26000 Uncommon trap: reason=unstable_if action=reinterpret pc=0x0000000003630494 method=org.springframework.asm.Type.getArgumentsAndReturnSizes(Ljava/lang/String;)I @ 88
Event: 7.236 Thread 0x0000000002d26000 Uncommon trap: reason=bimorphic action=maybe_recompile pc=0x000000000317d628 method=java.util.HashMap.putVal(ILjava/lang/Object;Ljava/lang/Object;ZZ)Ljava/lang/Object; @ 203
Event: 7.431 Thread 0x0000000002d26000 Uncommon trap: reason=class_check action=maybe_recompile pc=0x000000000323c884 method=java.util.concurrent.ConcurrentHashMap.putVal(Ljava/lang/Object;Ljava/lang/Object;Z)Ljava/lang/Object; @ 192
Event: 7.574 Thread 0x0000000002d26000 Uncommon trap: reason=unstable_if action=reinterpret pc=0x0000000003688bd4 method=org.springframework.asm.Frame.merge(Lorg/springframework/asm/ClassWriter;I[II)Z @ 80
Event: 8.076 Thread 0x0000000002d26000 Uncommon trap: reason=unstable_if action=reinterpret pc=0x00000000031363c8 method=org.springframework.boot.bind.DefaultPropertyNamePatternsMatcher.matches(Ljava/lang/String;)Z @ 213
Event: 8.084 Thread 0x0000000002d26000 Uncommon trap: reason=unstable_if action=reinterpret pc=0x000000000313a9e8 method=org.springframework.boot.bind.DefaultPropertyNamePatternsMatcher.matches(Ljava/lang/String;)Z @ 213
Event: 8.098 Thread 0x0000000002d26000 Uncommon trap: reason=null_check action=maybe_recompile pc=0x000000000352cf0c method=java.util.regex.Matcher.getTextLength()I @ 4
Event: 8.272 Thread 0x0000000002d26000 Uncommon trap: reason=bimorphic action=maybe_recompile pc=0x000000000317d628 method=java.util.HashMap.putVal(ILjava/lang/Object;Ljava/lang/Object;ZZ)Ljava/lang/Object; @ 203
Event: 8.273 Thread 0x0000000002d26000 Uncommon trap: reason=bimorphic action=maybe_recompile pc=0x00000000030fb89c method=java.util.HashMap.putVal(ILjava/lang/Object;Ljava/lang/Object;ZZ)Ljava/lang/Object; @ 203
Event: 8.275 Thread 0x0000000002d26000 Uncommon trap: reason=bimorphic action=maybe_recompile pc=0x00000000030f0750 method=java.util.HashMap.putVal(ILjava/lang/Object;Ljava/lang/Object;ZZ)Ljava/lang/Object; @ 203

Internal exceptions (10 events):
Event: 7.702 Thread 0x0000000002d26000 Exception <a 'java/lang/ClassNotFoundException': org/springframework/boot/autoconfigure/jdbc/DataSourceAutoConfiguration$JdbcTemplateConfigurationCustomizer> (0x00000000d7fe8310) thrown at [C:\re\workspace\8-2-build-windows-amd64-cygwin\jdk8u144\9417\hots
Event: 7.704 Thread 0x0000000002d26000 Exception <a 'java/lang/ClassNotFoundException': org/springframework/boot/autoconfigure/jdbc/DataSourceAutoConfiguration$JdbcTemplateConfiguration$$EnhancerBySpringCGLIB$$fd6ff2caCustomizer> (0x00000000d801c890) thrown at [C:\re\workspace\8-2-build-window
Event: 7.708 Thread 0x0000000002d26000 Exception <a 'java/lang/ClassNotFoundException': java/lang/ObjectCustomizer> (0x00000000d80390a0) thrown at [C:\re\workspace\8-2-build-windows-amd64-cygwin\jdk8u144\9417\hotspot\src\share\vm\classfile\systemDictionary.cpp, line 210]
Event: 7.709 Thread 0x0000000002d26000 Exception <a 'java/lang/ClassNotFoundException': org/springframework/boot/autoconfigure/jdbc/DataSourceAutoConfiguration$NonEmbeddedConfigurationCustomizer> (0x00000000d8064060) thrown at [C:\re\workspace\8-2-build-windows-amd64-cygwin\jdk8u144\9417\hotsp
Event: 7.718 Thread 0x0000000002d26000 Exception <a 'java/lang/ClassNotFoundException': java/lang/ObjectCustomizer> (0x00000000d8099330) thrown at [C:\re\workspace\8-2-build-windows-amd64-cygwin\jdk8u144\9417\hotspot\src\share\vm\classfile\systemDictionary.cpp, line 210]
Event: 7.720 Thread 0x0000000002d26000 Exception <a 'java/lang/ClassNotFoundException': org/springframework/boot/autoconfigure/jdbc/DataSourcePropertiesCustomizer> (0x00000000d80bac30) thrown at [C:\re\workspace\8-2-build-windows-amd64-cygwin\jdk8u144\9417\hotspot\src\share\vm\classfile\system
Event: 8.097 Thread 0x0000000002d26000 Exception <a 'java/lang/reflect/InvocationTargetException'> (0x00000000d8bcea88) thrown at [C:\re\workspace\8-2-build-windows-amd64-cygwin\jdk8u144\9417\hotspot\src\share\vm\runtime\reflection.cpp, line 1092]
Event: 8.098 Thread 0x0000000002d26000 Exception <a 'java/lang/reflect/InvocationTargetException'> (0x00000000d8bd2e30) thrown at [C:\re\workspace\8-2-build-windows-amd64-cygwin\jdk8u144\9417\hotspot\src\share\vm\runtime\reflection.cpp, line 1092]
Event: 8.098 Thread 0x0000000002d26000 Implicit null exception at 0x000000000352cdc4 to 0x000000000352cefd
Event: 8.098 Thread 0x0000000002d26000 Exception <a 'java/lang/reflect/InvocationTargetException'> (0x00000000d8bd43b8) thrown at [C:\re\workspace\8-2-build-windows-amd64-cygwin\jdk8u144\9417\hotspot\src\share\vm\runtime\reflection.cpp, line 1092]

Events (10 events):
Event: 8.312 loading class com/fasterxml/classmate/AnnotationConfiguration
Event: 8.312 loading class com/fasterxml/classmate/AnnotationConfiguration done
Event: 8.313 loading class com/fasterxml/classmate/AnnotationConfiguration$StdConfiguration
Event: 8.313 loading class com/fasterxml/classmate/AnnotationConfiguration$StdConfiguration done
Event: 8.314 loading class com/fasterxml/classmate/members/ResolvedMethod
Event: 8.314 loading class com/fasterxml/classmate/members/ResolvedMethod done
Event: 8.315 loading class com/fasterxml/classmate/members/ResolvedParameterizedMember
Event: 8.315 loading class com/fasterxml/classmate/members/ResolvedParameterizedMember done
Event: 8.316 loading class com/fasterxml/classmate/members/ResolvedMember
Event: 8.316 loading class com/fasterxml/classmate/members/ResolvedMember done


Dynamic libraries:
0x00007ff62ec30000 - 0x00007ff62ec67000 	D:\jdk8\bin\java.exe
0x00007ffc29b20000 - 0x00007ffc29d10000 	C:\WINDOWS\SYSTEM32\ntdll.dll
0x00007ffc28cf0000 - 0x00007ffc28da2000 	C:\WINDOWS\System32\KERNEL32.DLL
0x00007ffc26c10000 - 0x00007ffc26eb3000 	C:\WINDOWS\System32\KERNELBASE.dll
0x00007ffc28ef0000 - 0x00007ffc28f93000 	C:\WINDOWS\System32\ADVAPI32.dll
0x00007ffc28b00000 - 0x00007ffc28b9e000 	C:\WINDOWS\System32\msvcrt.dll
0x00007ffc280a0000 - 0x00007ffc28137000 	C:\WINDOWS\System32\sechost.dll
0x00007ffc29690000 - 0x00007ffc297b0000 	C:\WINDOWS\System32\RPCRT4.dll
0x00007ffc27c80000 - 0x00007ffc27e13000 	C:\WINDOWS\System32\USER32.dll
0x00007ffc26b60000 - 0x00007ffc26b81000 	C:\WINDOWS\System32\win32u.dll
0x00007ffc285f0000 - 0x00007ffc28616000 	C:\WINDOWS\System32\GDI32.dll
0x00007ffc26ec0000 - 0x00007ffc27054000 	C:\WINDOWS\System32\gdi32full.dll
0x00007ffc27980000 - 0x00007ffc27a1e000 	C:\WINDOWS\System32\msvcp_win.dll
0x00007ffc27a80000 - 0x00007ffc27b7a000 	C:\WINDOWS\System32\ucrtbase.dll
0x00007ffc18550000 - 0x00007ffc187d5000 	C:\WINDOWS\WinSxS\amd64_microsoft.windows.common-controls_6595b64144ccf1df_6.0.18362.295_none_e6c3acbd13101292\COMCTL32.dll
0x00007ffc282b0000 - 0x00007ffc285e6000 	C:\WINDOWS\System32\combase.dll
0x00007ffc26b90000 - 0x00007ffc26c10000 	C:\WINDOWS\System32\bcryptPrimitives.dll
0x00007ffc28140000 - 0x00007ffc2816e000 	C:\WINDOWS\System32\IMM32.DLL
0x00007ffc26980000 - 0x00007ffc269ee000 	C:\WINDOWS\System32\dtrampo.dll
0x0000000054260000 - 0x0000000054332000 	D:\jdk8\jre\bin\msvcr100.dll
0x0000000052b30000 - 0x00000000533cd000 	D:\jdk8\jre\bin\server\jvm.dll
0x00007ffc29ad0000 - 0x00007ffc29ad8000 	C:\WINDOWS\System32\PSAPI.DLL
0x00007ffbff9f0000 - 0x00007ffbff9f9000 	C:\WINDOWS\SYSTEM32\WSOCK32.dll
0x00007ffc28c00000 - 0x00007ffc28c6f000 	C:\WINDOWS\System32\WS2_32.dll
0x00007ffc23320000 - 0x00007ffc23344000 	C:\WINDOWS\SYSTEM32\WINMM.dll
0x00007ffc19cd0000 - 0x00007ffc19cda000 	C:\WINDOWS\SYSTEM32\VERSION.dll
0x00007ffc232f0000 - 0x00007ffc2331d000 	C:\WINDOWS\SYSTEM32\WINMMBASE.dll
0x00007ffc27b80000 - 0x00007ffc27bca000 	C:\WINDOWS\System32\cfgmgr32.dll
0x0000000054250000 - 0x000000005425f000 	D:\jdk8\jre\bin\verify.dll
0x0000000054220000 - 0x0000000054249000 	D:\jdk8\jre\bin\java.dll
0x00000000541f0000 - 0x0000000054213000 	D:\jdk8\jre\bin\instrument.dll
0x00000000541d0000 - 0x00000000541e6000 	D:\jdk8\jre\bin\zip.dll
0x00007ffc28fa0000 - 0x00007ffc29682000 	C:\WINDOWS\System32\SHELL32.dll
0x00007ffc28e10000 - 0x00007ffc28eb9000 	C:\WINDOWS\System32\shcore.dll
0x00007ffc271e0000 - 0x00007ffc2795c000 	C:\WINDOWS\System32\windows.storage.dll
0x00007ffc26a70000 - 0x00007ffc26a8f000 	C:\WINDOWS\System32\profapi.dll
0x00007ffc26a20000 - 0x00007ffc26a6a000 	C:\WINDOWS\System32\powrprof.dll
0x00007ffc269f0000 - 0x00007ffc26a00000 	C:\WINDOWS\System32\UMPDC.dll
0x00007ffc28db0000 - 0x00007ffc28e02000 	C:\WINDOWS\System32\shlwapi.dll
0x00007ffc26a00000 - 0x00007ffc26a11000 	C:\WINDOWS\System32\kernel.appcore.dll
0x00007ffc27960000 - 0x00007ffc27977000 	C:\WINDOWS\System32\cryptsp.dll
0x00007ffbffa10000 - 0x00007ffbffa2a000 	D:\Program Files\JetBrains\IntelliJ IDEA 2019.2.1\bin\breakgen64.dll
0x00000000541b0000 - 0x00000000541ca000 	D:\jdk8\jre\bin\net.dll
0x00007ffc261c0000 - 0x00007ffc26227000 	C:\WINDOWS\system32\mswsock.dll
0x0000000054180000 - 0x000000005418d000 	D:\jdk8\jre\bin\management.dll
0x00007ffbff7b0000 - 0x00007ffbff7c6000 	C:\WINDOWS\system32\napinsp.dll
0x00007ffbff7d0000 - 0x00007ffbff7ea000 	C:\WINDOWS\system32\pnrpnsp.dll
0x00007ffc25f20000 - 0x00007ffc25fea000 	C:\WINDOWS\SYSTEM32\DNSAPI.dll
0x00007ffc28ee0000 - 0x00007ffc28ee8000 	C:\WINDOWS\System32\NSI.dll
0x00007ffc25ed0000 - 0x00007ffc25f0a000 	C:\WINDOWS\SYSTEM32\IPHLPAPI.DLL
0x00007ffbff7a0000 - 0x00007ffbff7ae000 	C:\WINDOWS\System32\winrnr.dll
0x00007ffc22a40000 - 0x00007ffc22a5c000 	C:\WINDOWS\system32\NLAapi.dll
0x00007ffc20d30000 - 0x00007ffc20d45000 	C:\WINDOWS\system32\wshbth.dll
0x00007ffc1bdb0000 - 0x00007ffc1bdba000 	C:\Windows\System32\rasadhlp.dll
0x00007ffc1a9d0000 - 0x00007ffc1aa47000 	C:\WINDOWS\System32\fwpuclnt.dll
0x00007ffc271b0000 - 0x00007ffc271d6000 	C:\WINDOWS\System32\bcrypt.dll
0x0000000054190000 - 0x00000000541a1000 	D:\jdk8\jre\bin\nio.dll

VM Arguments:
jvm_args: -ea -Didea.test.cyclic.buffer.size=1048576 -javaagent:D:\Program Files\JetBrains\IntelliJ IDEA 2019.2.1\lib\idea_rt.jar=10551:D:\Program Files\JetBrains\IntelliJ IDEA 2019.2.1\bin -Dfile.encoding=UTF-8 
java_command: com.intellij.rt.execution.junit.JUnitStarter -ideVersion5 -junit4 com.chuangwei.internalAnswer.InitDatabaseTests,initDatabase
java_class_path (initial): D:\Program Files\JetBrains\IntelliJ IDEA 2019.2.1\lib\idea_rt.jar;D:\Program Files\JetBrains\IntelliJ IDEA 2019.2.1\plugins\junit\lib\junit-rt.jar;D:\Program Files\JetBrains\IntelliJ IDEA 2019.2.1\plugins\junit\lib\junit5-rt.jar;D:\jdk8\jre\lib\charsets.jar;D:\jdk8\jre\lib\deploy.jar;D:\jdk8\jre\lib\ext\access-bridge-64.jar;D:\jdk8\jre\lib\ext\cldrdata.jar;D:\jdk8\jre\lib\ext\dnsns.jar;D:\jdk8\jre\lib\ext\jaccess.jar;D:\jdk8\jre\lib\ext\jfxrt.jar;D:\jdk8\jre\lib\ext\localedata.jar;D:\jdk8\jre\lib\ext\nashorn.jar;D:\jdk8\jre\lib\ext\servlet-api.jar;D:\jdk8\jre\lib\ext\sunec.jar;D:\jdk8\jre\lib\ext\sunjce_provider.jar;D:\jdk8\jre\lib\ext\sunmscapi.jar;D:\jdk8\jre\lib\ext\sunpkcs11.jar;D:\jdk8\jre\lib\ext\zipfs.jar;D:\jdk8\jre\lib\javaws.jar;D:\jdk8\jre\lib\jce.jar;D:\jdk8\jre\lib\jfr.jar;D:\jdk8\jre\lib\jfxswt.jar;D:\jdk8\jre\lib\jsse.jar;D:\jdk8\jre\lib\management-agent.jar;D:\jdk8\jre\lib\plugin.jar;D:\jdk8\jre\lib\resources.jar;D:\jdk8\jre\lib\rt.jar;D:\chuangwei\internalAnswer\target\test-classes;D:\chuangwei\internalAnswer\target\classes;C:\Users\lenovo\.m2\repository\com\alibaba\druid\1.1.0\druid-1.1.0.jar;D:\jdk8\lib\jconsole.jar;D:\jdk8\lib\tools.jar;C:\Users\lenovo\.m2\repository\org\springframework\boot\spring-boot-starter-jdbc\1.3.6.RELEASE\spring-boot-starter-jdbc-1.3.6.RELEASE.jar;C:\Users\lenovo\.m2\repository\org\springframework\boot\spring-boot-starter\1.3.6.RELEASE\spring-boot-starter-1.3.6.RELEASE.jar;C:\Users\lenovo\.m2\repository\org\springframework\boot\spring-boot-starter-logging\1.3.6.RELEASE\spring-boot-starter-logging-1.3.6.RELEASE.jar;C:\Users\lenovo\.m2\repository\ch\qos\logback\logback-classic\1.1.7\logback-classic-1.1.7.jar;C:\Users\lenovo\.m2\repository\ch\qos\logback\logback-core\1.1.7\logback-core-1.1.7.jar;C:\Users\lenovo\.m2\repository\org\slf4j\slf4j-api\1.7.21\slf4j-api-1.7.21.jar;C:\Users\lenovo\.m2\repository\org\slf4j\jcl-over-slf4j\1.7.21\jcl-over-slf4j-1.7.21.jar;C:\Users\lenovo\.m2\repository\org\s
Launcher Type: SUN_STANDARD

Environment Variables:
JAVA_HOME=D:\jdk8
CLASSPATH=.;D:\jdk8\lib\dt.jar;D:\jdk8\lib\tools.jar
PATH=C:\Program Files\Java\jre-10.0.1\bin;D:\jdk8\bin;D:\Python 2.7.15;C:\Users\lenovo\AppData\Local\Programs\Python\Python37-32;D:\Python 2.7.15\Scripts;C:\Users\lenovo\AppData\Local\Programs\Python\Python37-32\Scripts;D:\Program Files (x86)\Microsoft SQL Server\100\Tools\Binn\;D:\Program Files\Microsoft SQL Server\100\Tools\Binn\;D:\Program Files\Microsoft SQL Server\100\DTS\Binn\;D:\Program Files (x86)\Microsoft SQL Server\100\Tools\Binn\VSShell\Common7\IDE\;C:\Program Files (x86)\Microsoft Visual Studio 9.0\Common7\IDE\PrivateAssemblies\;D:\Program Files (x86)\Microsoft SQL Server\100\DTS\Binn\;C:\WINDOWS\system32;C:\WINDOWS;C:\WINDOWS\System32\Wbem;C:\WINDOWS\System32\WindowsPowerShell\v1.0\;C:\WINDOWS\System32\OpenSSH\;C:\Program Files\Common Files\Autodesk Shared\;D:\Program Files\nodejs\;D:\apache-tomcat-9.0.24-windows-x64\apache-tomcat-9.0.24\bin;D:\apache-tomcat-9.0.24-windows-x64\apache-tomcat-9.0.24\lib;C:\Users\lenovo\AppData\Local\Microsoft\WindowsApps;C:\Users\lenovo\AppData\Roaming\npm;D:\Program Files\JetBrains\IntelliJ IDEA 2019.2.1\bin;
USERNAME=lenovo
OS=Windows_NT
PROCESSOR_IDENTIFIER=Intel64 Family 6 Model 78 Stepping 3, GenuineIntel



---------------  S Y S T E M  ---------------

OS: Windows 10.0 , 64 bit Build 18362 (10.0.18362.86)

CPU:total 4 (initial active 4) (2 cores per cpu, 2 threads per core) family 6 model 78 stepping 3, cmov, cx8, fxsr, mmx, sse, sse2, sse3, ssse3, sse4.1, sse4.2, popcnt, avx, avx2, aes, clmul, erms, 3dnowpref, lzcnt, ht, tsc, tscinvbit, bmi1, bmi2, adx

Memory: 4k page, physical 8269480k(1277540k free), swap 12365480k(6248k free)

vm_info: Java HotSpot(TM) 64-Bit Server VM (25.144-b01) for windows-amd64 JRE (1.8.0_144-b01), built on Jul 21 2017 21:57:33 by "java_re" with MS VC++ 10.0 (VS2010)

time: Wed Sep 11 17:30:27 2019
elapsed time: 8 seconds (0d 0h 0m 8s)

