#
# There is insufficient memory for the Java Runtime Environment to continue.
# Native memory allocation (malloc) failed to allocate 65552 bytes for Chunk::new
# Possible reasons:
#   The system is out of physical RAM or swap space
#   In 32 bit mode, the process size limit was hit
# Possible solutions:
#   Reduce memory load on the system
#   Increase physical memory or swap space
#   Check if swap backing store is full
#   Use 64 bit Java on a 64 bit OS
#   Decrease Java heap size (-Xmx/-Xms)
#   Decrease number of Java threads
#   Decrease Java thread stack sizes (-Xss)
#   Set larger code cache with -XX:ReservedCodeCacheSize=
# This output file may be truncated or incomplete.
#
#  Out of Memory Error (allocation.cpp:390), pid=2584, tid=0x0000000000005318
#
# JRE version: Java(TM) SE Runtime Environment (8.0_144-b01) (build 1.8.0_144-b01)
# Java VM: Java HotSpot(TM) 64-Bit Server VM (25.144-b01 mixed mode windows-amd64 compressed oops)
# Failed to write core dump. Minidumps are not enabled by default on client versions of Windows
#

---------------  T H R E A D  ---------------

Current thread (0x0000000019b40800):  JavaThread "C2 CompilerThread1" daemon [_thread_in_native, id=21272, stack(0x0000000019fb0000,0x000000001a0b0000)]

Stack: [0x0000000019fb0000,0x000000001a0b0000]
[error occurred during error reporting (printing stack bounds), id 0xc0000005]

Native frames: (J=compiled Java code, j=interpreted, Vv=VM code, C=native code)


Current CompileTask:
C2:   6085 1565   !   4       org.springframework.core.type.classreading.AnnotationReadingVisitorUtils::convertClassValues (394 bytes)


---------------  P R O C E S S  ---------------

Java Threads: ( => current thread )
  0x000000001ad81800 JavaThread "background-preinit" [_thread_in_vm, id=6772, stack(0x000000001be30000,0x000000001bf30000)]
  0x000000001a990000 JavaThread "restartedMain" [_thread_in_Java, id=22864, stack(0x000000001bd30000,0x000000001be30000)]
  0x000000001a8b7800 JavaThread "Thread-0" [_thread_blocked, id=10484, stack(0x000000001bc30000,0x000000001bd30000)]
  0x000000001a21c000 JavaThread "Service Thread" daemon [_thread_blocked, id=5772, stack(0x000000001a9b0000,0x000000001aab0000)]
  0x0000000019b97000 JavaThread "C1 CompilerThread2" daemon [_thread_in_native, id=22892, stack(0x000000001a0b0000,0x000000001a1b0000)]
=>0x0000000019b40800 JavaThread "C2 CompilerThread1" daemon [_thread_in_native, id=21272, stack(0x0000000019fb0000,0x000000001a0b0000)]
  0x0000000019b40000 JavaThread "C2 CompilerThread0" daemon [_thread_in_native, id=23376, stack(0x0000000019eb0000,0x0000000019fb0000)]
  0x0000000019aa8000 JavaThread "Monitor Ctrl-Break" daemon [_thread_in_native, id=22120, stack(0x0000000019db0000,0x0000000019eb0000)]
  0x0000000018476800 JavaThread "Attach Listener" daemon [_thread_blocked, id=21708, stack(0x0000000019cb0000,0x0000000019db0000)]
  0x0000000018463800 JavaThread "Signal Dispatcher" daemon [_thread_blocked, id=13796, stack(0x0000000019bb0000,0x0000000019cb0000)]
  0x000000000391d000 JavaThread "Finalizer" daemon [_thread_blocked, id=19920, stack(0x00000000196b0000,0x00000000197b0000)]
  0x0000000003917800 JavaThread "Reference Handler" daemon [_thread_blocked, id=18032, stack(0x00000000195b0000,0x00000000196b0000)]
  0x0000000003825000 JavaThread "main" [_thread_blocked, id=2156, stack(0x0000000003430000,0x0000000003530000)]

Other Threads:
  0x0000000018417800 VMThread [stack: 0x00000000194b0000,0x00000000195b0000] [id=20128]
  0x0000000019bae800 WatcherThread [stack: 0x000000001aab0000,0x000000001abb0000] [id=22188]

VM state:not at safepoint (normal execution)

VM Mutex/Monitor currently owned by a thread: None

Heap:
 PSYoungGen      total 71680K, used 7963K [0x00000000d5f00000, 0x00000000daa00000, 0x0000000100000000)
  eden space 66560K, 4% used [0x00000000d5f00000,0x00000000d61ccd78,0x00000000da000000)
  from space 5120K, 99% used [0x00000000da500000,0x00000000da9fa040,0x00000000daa00000)
  to   space 5120K, 0% used [0x00000000da000000,0x00000000da000000,0x00000000da500000)
 ParOldGen       total 87552K, used 8880K [0x0000000081c00000, 0x0000000087180000, 0x00000000d5f00000)
  object space 87552K, 10% used [0x0000000081c00000,0x00000000824ac230,0x0000000087180000)
 Metaspace       used 16671K, capacity 16912K, committed 17024K, reserved 1064960K
  class space    used 2020K, capacity 2067K, committed 2176K, reserved 1048576K

Card table byte_map: [0x0000000012ce0000,0x00000000130e0000] byte_map_base: 0x00000000128d2000

Marking Bits: (ParMarkBitMap*) 0x000000006923d850
 Begin Bits: [0x0000000013790000, 0x0000000015720000)
 End Bits:   [0x0000000015720000, 0x00000000176b0000)

Polling page: 0x0000000001460000

CodeCache: size=245760Kb used=6296Kb max_used=6296Kb free=239463Kb
 bounds [0x0000000003920000, 0x0000000003f50000, 0x0000000012920000]
 total_blobs=1913 nmethods=1575 adapters=250
 compilation: enabled

Compilation events (10 events):
Event: 6.075 Thread 0x0000000019b97000 nmethod 1569 0x0000000003f423d0 code [0x0000000003f42560, 0x0000000003f428d0]
Event: 6.076 Thread 0x0000000019b97000 1571       3       java.lang.String$CaseInsensitiveComparator::compare (111 bytes)
Event: 6.077 Thread 0x0000000019b97000 nmethod 1571 0x0000000003f447d0 code [0x0000000003f44a60, 0x0000000003f45af8]
Event: 6.077 Thread 0x0000000019b97000 1572       3       java.lang.String$CaseInsensitiveComparator::compare (13 bytes)
Event: 6.077 Thread 0x0000000019b97000 nmethod 1572 0x0000000003f41e10 code [0x0000000003f41f80, 0x0000000003f422e8]
Event: 6.077 Thread 0x0000000019b97000 1573       1       java.util.HashMap::afterNodeRemoval (1 bytes)
Event: 6.077 Thread 0x0000000019b97000 nmethod 1573 0x0000000003f406d0 code [0x0000000003f40820, 0x0000000003f40930]
Event: 6.077 Thread 0x0000000019b97000 1574       3       java.util.HashMap$HashIterator::<init> (79 bytes)
Event: 6.078 Thread 0x0000000019b97000 nmethod 1574 0x0000000003f44150 code [0x0000000003f442c0, 0x0000000003f44650]
Event: 6.080 Thread 0x0000000019b97000 1576       3       java.lang.Class::getConstructor (16 bytes)

GC Heap History (8 events):
Event: 2.764 GC heap before
{Heap before GC invocations=1 (full 0):
 PSYoungGen      total 38400K, used 33280K [0x00000000d5f00000, 0x00000000d8980000, 0x0000000100000000)
  eden space 33280K, 100% used [0x00000000d5f00000,0x00000000d7f80000,0x00000000d7f80000)
  from space 5120K, 0% used [0x00000000d8480000,0x00000000d8480000,0x00000000d8980000)
  to   space 5120K, 0% used [0x00000000d7f80000,0x00000000d7f80000,0x00000000d8480000)
 ParOldGen       total 87552K, used 0K [0x0000000081c00000, 0x0000000087180000, 0x00000000d5f00000)
  object space 87552K, 0% used [0x0000000081c00000,0x0000000081c00000,0x0000000087180000)
 Metaspace       used 7437K, capacity 7604K, committed 7808K, reserved 1056768K
  class space    used 866K, capacity 889K, committed 896K, reserved 1048576K
Event: 2.786 GC heap after
Heap after GC invocations=1 (full 0):
 PSYoungGen      total 38400K, used 4695K [0x00000000d5f00000, 0x00000000d8980000, 0x0000000100000000)
  eden space 33280K, 0% used [0x00000000d5f00000,0x00000000d5f00000,0x00000000d7f80000)
  from space 5120K, 91% used [0x00000000d7f80000,0x00000000d8415ec0,0x00000000d8480000)
  to   space 5120K, 0% used [0x00000000d8480000,0x00000000d8480000,0x00000000d8980000)
 ParOldGen       total 87552K, used 8K [0x0000000081c00000, 0x0000000087180000, 0x00000000d5f00000)
  object space 87552K, 0% used [0x0000000081c00000,0x0000000081c02000,0x0000000087180000)
 Metaspace       used 7437K, capacity 7604K, committed 7808K, reserved 1056768K
  class space    used 866K, capacity 889K, committed 896K, reserved 1048576K
}
Event: 3.846 GC heap before
{Heap before GC invocations=2 (full 0):
 PSYoungGen      total 38400K, used 37975K [0x00000000d5f00000, 0x00000000d8980000, 0x0000000100000000)
  eden space 33280K, 100% used [0x00000000d5f00000,0x00000000d7f80000,0x00000000d7f80000)
  from space 5120K, 91% used [0x00000000d7f80000,0x00000000d8415ec0,0x00000000d8480000)
  to   space 5120K, 0% used [0x00000000d8480000,0x00000000d8480000,0x00000000d8980000)
 ParOldGen       total 87552K, used 8K [0x0000000081c00000, 0x0000000087180000, 0x00000000d5f00000)
  object space 87552K, 0% used [0x0000000081c00000,0x0000000081c02000,0x0000000087180000)
 Metaspace       used 10866K, capacity 11028K, committed 11264K, reserved 1058816K
  class space    used 1381K, capacity 1433K, committed 1536K, reserved 1048576K
Event: 3.860 GC heap after
Heap after GC invocations=2 (full 0):
 PSYoungGen      total 38400K, used 5110K [0x00000000d5f00000, 0x00000000daa00000, 0x0000000100000000)
  eden space 33280K, 0% used [0x00000000d5f00000,0x00000000d5f00000,0x00000000d7f80000)
  from space 5120K, 99% used [0x00000000d8480000,0x00000000d897db60,0x00000000d8980000)
  to   space 5120K, 0% used [0x00000000d7f80000,0x00000000d7f80000,0x00000000d8480000)
 ParOldGen       total 87552K, used 2825K [0x0000000081c00000, 0x0000000087180000, 0x00000000d5f00000)
  object space 87552K, 3% used [0x0000000081c00000,0x0000000081ec2740,0x0000000087180000)
 Metaspace       used 10866K, capacity 11028K, committed 11264K, reserved 1058816K
  class space    used 1381K, capacity 1433K, committed 1536K, reserved 1048576K
}
Event: 5.005 GC heap before
{Heap before GC invocations=3 (full 0):
 PSYoungGen      total 38400K, used 38390K [0x00000000d5f00000, 0x00000000daa00000, 0x0000000100000000)
  eden space 33280K, 100% used [0x00000000d5f00000,0x00000000d7f80000,0x00000000d7f80000)
  from space 5120K, 99% used [0x00000000d8480000,0x00000000d897db60,0x00000000d8980000)
  to   space 5120K, 0% used [0x00000000d7f80000,0x00000000d7f80000,0x00000000d8480000)
 ParOldGen       total 87552K, used 2825K [0x0000000081c00000, 0x0000000087180000, 0x00000000d5f00000)
  object space 87552K, 3% used [0x0000000081c00000,0x0000000081ec2740,0x0000000087180000)
 Metaspace       used 14169K, capacity 14374K, committed 14592K, reserved 1062912K
  class space    used 1742K, capacity 1756K, committed 1792K, reserved 1048576K
Event: 5.069 GC heap after
Heap after GC invocations=3 (full 0):
 PSYoungGen      total 38400K, used 5100K [0x00000000d5f00000, 0x00000000daa00000, 0x0000000100000000)
  eden space 33280K, 0% used [0x00000000d5f00000,0x00000000d5f00000,0x00000000d7f80000)
  from space 5120K, 99% used [0x00000000d7f80000,0x00000000d847b0f0,0x00000000d8480000)
  to   space 5120K, 0% used [0x00000000da500000,0x00000000da500000,0x00000000daa00000)
 ParOldGen       total 87552K, used 6306K [0x0000000081c00000, 0x0000000087180000, 0x00000000d5f00000)
  object space 87552K, 7% used [0x0000000081c00000,0x0000000082228898,0x0000000087180000)
 Metaspace       used 14169K, capacity 14374K, committed 14592K, reserved 1062912K
  class space    used 1742K, capacity 1756K, committed 1792K, reserved 1048576K
}
Event: 6.054 GC heap before
{Heap before GC invocations=4 (full 0):
 PSYoungGen      total 38400K, used 38380K [0x00000000d5f00000, 0x00000000daa00000, 0x0000000100000000)
  eden space 33280K, 100% used [0x00000000d5f00000,0x00000000d7f80000,0x00000000d7f80000)
  from space 5120K, 99% used [0x00000000d7f80000,0x00000000d847b0f0,0x00000000d8480000)
  to   space 5120K, 0% used [0x00000000da500000,0x00000000da500000,0x00000000daa00000)
 ParOldGen       total 87552K, used 6306K [0x0000000081c00000, 0x0000000087180000, 0x00000000d5f00000)
  object space 87552K, 7% used [0x0000000081c00000,0x0000000082228898,0x0000000087180000)
 Metaspace       used 16526K, capacity 16752K, committed 16896K, reserved 1064960K
  class space    used 1997K, capacity 2035K, committed 2048K, reserved 1048576K
Event: 6.068 GC heap after
Heap after GC invocations=4 (full 0):
 PSYoungGen      total 71680K, used 5096K [0x00000000d5f00000, 0x00000000daa00000, 0x0000000100000000)
  eden space 66560K, 0% used [0x00000000d5f00000,0x00000000d5f00000,0x00000000da000000)
  from space 5120K, 99% used [0x00000000da500000,0x00000000da9fa040,0x00000000daa00000)
  to   space 5120K, 0% used [0x00000000da000000,0x00000000da000000,0x00000000da500000)
 ParOldGen       total 87552K, used 8880K [0x0000000081c00000, 0x0000000087180000, 0x00000000d5f00000)
  object space 87552K, 10% used [0x0000000081c00000,0x00000000824ac230,0x0000000087180000)
 Metaspace       used 16526K, capacity 16752K, committed 16896K, reserved 1064960K
  class space    used 1997K, capacity 2035K, committed 2048K, reserved 1048576K
}

Deoptimization events (10 events):
Event: 4.576 Thread 0x000000001a990000 Uncommon trap: reason=class_check action=maybe_recompile pc=0x0000000003c503e8 method=java.util.regex.Pattern$CharProperty.match(Ljava/util/regex/Matcher;ILjava/lang/CharSequence;)Z @ 37
Event: 4.576 Thread 0x000000001a990000 Uncommon trap: reason=class_check action=maybe_recompile pc=0x0000000003c503e8 method=java.util.regex.Pattern$CharProperty.match(Ljava/util/regex/Matcher;ILjava/lang/CharSequence;)Z @ 37
Event: 5.143 Thread 0x000000001ad81800 Uncommon trap: reason=unstable_if action=reinterpret pc=0x0000000003bf5830 method=java.util.Properties$LineReader.readLine()I @ 200
Event: 5.646 Thread 0x000000001ad81800 Uncommon trap: reason=unstable_if action=reinterpret pc=0x0000000003e18774 method=com.sun.org.apache.xerces.internal.impl.XMLEntityScanner.checkBeforeLoad(Lcom/sun/xml/internal/stream/Entity$ScannedEntity;II)I @ 18
Event: 5.660 Thread 0x000000001a990000 Uncommon trap: reason=unstable_if action=reinterpret pc=0x0000000003e09f5c method=org.springframework.asm.ClassReader.readUTF8(I[C)Ljava/lang/String; @ 7
Event: 5.661 Thread 0x000000001ad81800 Uncommon trap: reason=unstable_if action=reinterpret pc=0x0000000003e287e0 method=com.sun.org.apache.xerces.internal.impl.XMLEntityScanner.scanLiteral(ILcom/sun/org/apache/xerces/internal/xni/XMLString;Z)I @ 570
Event: 5.936 Thread 0x000000001ad81800 Uncommon trap: reason=unstable_if action=reinterpret pc=0x0000000003ecb08c method=com.sun.org.apache.xerces.internal.util.SymbolTable.addSymbol([CII)Ljava/lang/String; @ 38
Event: 5.937 Thread 0x000000001ad81800 Uncommon trap: reason=unstable_if action=reinterpret pc=0x0000000003efd108 method=org.apache.tomcat.util.IntrospectionUtils.setProperty(Ljava/lang/Object;Ljava/lang/String;Ljava/lang/String;Z)Z @ 196
Event: 5.938 Thread 0x000000001ad81800 Uncommon trap: reason=unstable_if action=reinterpret pc=0x0000000003ec7048 method=com.sun.org.apache.xerces.internal.util.SymbolTable.addSymbol([CII)Ljava/lang/String; @ 38
Event: 5.999 Thread 0x000000001ad81800 Uncommon trap: reason=unstable_if action=reinterpret pc=0x0000000003ef058c method=com.sun.org.apache.xerces.internal.utils.XMLLimitAnalyzer.addValue(ILjava/lang/String;I)V @ 78

Internal exceptions (10 events):
Event: 2.046 Thread 0x0000000003825000 Exception <a 'java/lang/ArrayIndexOutOfBoundsException'> (0x00000000d7267238) thrown at [C:\re\workspace\8-2-build-windows-amd64-cygwin\jdk8u144\9417\hotspot\src\share\vm\runtime\sharedRuntime.cpp, line 605]
Event: 2.047 Thread 0x0000000003825000 Exception <a 'java/lang/ArrayIndexOutOfBoundsException'> (0x00000000d72780f8) thrown at [C:\re\workspace\8-2-build-windows-amd64-cygwin\jdk8u144\9417\hotspot\src\share\vm\runtime\sharedRuntime.cpp, line 605]
Event: 2.167 Thread 0x0000000003825000 Exception <a 'java/lang/ArrayIndexOutOfBoundsException'> (0x00000000d74dcb08) thrown at [C:\re\workspace\8-2-build-windows-amd64-cygwin\jdk8u144\9417\hotspot\src\share\vm\runtime\sharedRuntime.cpp, line 605]
Event: 2.167 Thread 0x0000000003825000 Exception <a 'java/lang/ArrayIndexOutOfBoundsException'> (0x00000000d74dddf0) thrown at [C:\re\workspace\8-2-build-windows-amd64-cygwin\jdk8u144\9417\hotspot\src\share\vm\runtime\sharedRuntime.cpp, line 605]
Event: 2.730 Thread 0x000000001a990000 Exception <a 'java/io/FileNotFoundException'> (0x00000000d7f47340) thrown at [C:\re\workspace\8-2-build-windows-amd64-cygwin\jdk8u144\9417\hotspot\src\share\vm\prims\jni.cpp, line 709]
Event: 3.147 Thread 0x000000001a990000 Exception <a 'java/lang/ClassNotFoundException': java/lang/ObjectCustomizer> (0x00000000d66041c8) thrown at [C:\re\workspace\8-2-build-windows-amd64-cygwin\jdk8u144\9417\hotspot\src\share\vm\classfile\systemDictionary.cpp, line 210]
Event: 3.153 Thread 0x000000001a990000 Exception <a 'java/lang/ClassNotFoundException': org/springframework/boot/SpringApplicationCustomizer> (0x00000000d662f870) thrown at [C:\re\workspace\8-2-build-windows-amd64-cygwin\jdk8u144\9417\hotspot\src\share\vm\classfile\systemDictionary.cpp, line 2
Event: 3.821 Thread 0x000000001a990000 Exception <a 'java/lang/NoSuchMethodError': org.slf4j.impl.StaticMDCBinder.getSingleton()Lorg/slf4j/impl/StaticMDCBinder;> (0x00000000d7d0bbd8) thrown at [C:\re\workspace\8-2-build-windows-amd64-cygwin\jdk8u144\9417\hotspot\src\share\vm\interpreter\linkRe
Event: 3.826 Thread 0x000000001a990000 Implicit null exception at 0x0000000003b93e15 to 0x0000000003b94011
Event: 3.827 Thread 0x000000001a990000 Implicit null exception at 0x0000000003c08aaf to 0x0000000003c08b19

Events (10 events):
Event: 6.078 loading class sun/management/ManagementFactory
Event: 6.079 loading class sun/management/ManagementFactory done
Event: 6.079 loading class sun/management/MemoryManagerImpl
Event: 6.079 loading class sun/management/MemoryManagerImpl done
Event: 6.079 loading class sun/management/GarbageCollectorImpl
Event: 6.079 loading class com/sun/management/GarbageCollectorMXBean
Event: 6.079 loading class com/sun/management/GarbageCollectorMXBean done
Event: 6.079 loading class sun/management/GarbageCollectorImpl done
Event: 6.079 loading class jdk/Exported
Event: 6.079 loading class jdk/Exported done


Dynamic libraries:
0x00007ff7370a0000 - 0x00007ff7370d7000 	D:\jdk8\bin\java.exe
0x00007ffc4b340000 - 0x00007ffc4b530000 	C:\WINDOWS\SYSTEM32\ntdll.dll
0x00007ffc4a3f0000 - 0x00007ffc4a4a2000 	C:\WINDOWS\System32\KERNEL32.DLL
0x00007ffc486c0000 - 0x00007ffc48963000 	C:\WINDOWS\System32\KERNELBASE.dll
0x00007ffc4a5f0000 - 0x00007ffc4a693000 	C:\WINDOWS\System32\ADVAPI32.dll
0x00007ffc49c80000 - 0x00007ffc49d1e000 	C:\WINDOWS\System32\msvcrt.dll
0x00007ffc4a700000 - 0x00007ffc4a797000 	C:\WINDOWS\System32\sechost.dll
0x00007ffc4a080000 - 0x00007ffc4a1a0000 	C:\WINDOWS\System32\RPCRT4.dll
0x00007ffc493f0000 - 0x00007ffc49583000 	C:\WINDOWS\System32\USER32.dll
0x00007ffc48970000 - 0x00007ffc48991000 	C:\WINDOWS\System32\win32u.dll
0x00007ffc4a3c0000 - 0x00007ffc4a3e6000 	C:\WINDOWS\System32\GDI32.dll
0x00007ffc48330000 - 0x00007ffc484c4000 	C:\WINDOWS\System32\gdi32full.dll
0x00007ffc48520000 - 0x00007ffc485be000 	C:\WINDOWS\System32\msvcp_win.dll
0x00007ffc485c0000 - 0x00007ffc486ba000 	C:\WINDOWS\System32\ucrtbase.dll
0x00007ffc3dac0000 - 0x00007ffc3dd45000 	C:\WINDOWS\WinSxS\amd64_microsoft.windows.common-controls_6595b64144ccf1df_6.0.18362.356_none_e6c4af7d130f27cc\COMCTL32.dll
0x00007ffc4a7a0000 - 0x00007ffc4aad6000 	C:\WINDOWS\System32\combase.dll
0x00007ffc489a0000 - 0x00007ffc48a20000 	C:\WINDOWS\System32\bcryptPrimitives.dll
0x00007ffc4ad90000 - 0x00007ffc4adbe000 	C:\WINDOWS\System32\IMM32.DLL
0x00007ffc481a0000 - 0x00007ffc4820e000 	C:\WINDOWS\System32\dtrampo.dll
0x00000000692c0000 - 0x0000000069392000 	D:\jdk8\jre\bin\msvcr100.dll
0x0000000068a20000 - 0x00000000692bd000 	D:\jdk8\jre\bin\server\jvm.dll
0x00007ffc4a070000 - 0x00007ffc4a078000 	C:\WINDOWS\System32\PSAPI.DLL
0x00007ffc2d3f0000 - 0x00007ffc2d3f9000 	C:\WINDOWS\SYSTEM32\WSOCK32.dll
0x0000000003030000 - 0x000000000309f000 	C:\WINDOWS\System32\WS2_32.dll
0x00007ffc3cf10000 - 0x00007ffc3cf34000 	C:\WINDOWS\SYSTEM32\WINMM.dll
0x00007ffc3ded0000 - 0x00007ffc3deda000 	C:\WINDOWS\SYSTEM32\VERSION.dll
0x00007ffc3cee0000 - 0x00007ffc3cf0d000 	C:\WINDOWS\SYSTEM32\WINMMBASE.dll
0x00007ffc49250000 - 0x00007ffc4929a000 	C:\WINDOWS\System32\cfgmgr32.dll
0x0000000068a10000 - 0x0000000068a1f000 	D:\jdk8\jre\bin\verify.dll
0x00000000689e0000 - 0x0000000068a09000 	D:\jdk8\jre\bin\java.dll
0x0000000068230000 - 0x0000000068253000 	D:\jdk8\jre\bin\instrument.dll
0x00000000689c0000 - 0x00000000689d6000 	D:\jdk8\jre\bin\zip.dll
0x00007ffc49590000 - 0x00007ffc49c75000 	C:\WINDOWS\System32\SHELL32.dll
0x00007ffc49d90000 - 0x00007ffc49e39000 	C:\WINDOWS\System32\shcore.dll
0x00007ffc48ad0000 - 0x00007ffc4924e000 	C:\WINDOWS\System32\windows.storage.dll
0x00007ffc482b0000 - 0x00007ffc482cf000 	C:\WINDOWS\System32\profapi.dll
0x00007ffc48220000 - 0x00007ffc4826a000 	C:\WINDOWS\System32\powrprof.dll
0x00007ffc48210000 - 0x00007ffc48220000 	C:\WINDOWS\System32\UMPDC.dll
0x0000000003720000 - 0x0000000003772000 	C:\WINDOWS\System32\shlwapi.dll
0x00007ffc48270000 - 0x00007ffc48281000 	C:\WINDOWS\System32\kernel.appcore.dll
0x00007ffc484d0000 - 0x00007ffc484e7000 	C:\WINDOWS\System32\cryptsp.dll
0x00007ffc419f0000 - 0x00007ffc41a0a000 	D:\Program Files\JetBrains\IntelliJ IDEA 2019.2.1\bin\breakgen64.dll
0x00000000689a0000 - 0x00000000689ba000 	D:\jdk8\jre\bin\net.dll
0x00007ffc479e0000 - 0x00007ffc47a47000 	C:\WINDOWS\system32\mswsock.dll
0x0000000068970000 - 0x000000006897d000 	D:\jdk8\jre\bin\management.dll
0x00007ffc1d4b0000 - 0x00007ffc1d4c6000 	C:\WINDOWS\system32\napinsp.dll
0x00007ffc1d550000 - 0x00007ffc1d56a000 	C:\WINDOWS\system32\pnrpnsp.dll
0x00007ffc47740000 - 0x00007ffc4780a000 	C:\WINDOWS\SYSTEM32\DNSAPI.dll
0x00007ffc49d20000 - 0x00007ffc49d28000 	C:\WINDOWS\System32\NSI.dll
0x00007ffc476f0000 - 0x00007ffc4772a000 	C:\WINDOWS\SYSTEM32\IPHLPAPI.DLL
0x00007ffc1ff20000 - 0x00007ffc1ff2e000 	C:\WINDOWS\System32\winrnr.dll
0x00007ffc41750000 - 0x00007ffc4176c000 	C:\WINDOWS\system32\NLAapi.dll
0x00007ffc437a0000 - 0x00007ffc437b5000 	C:\WINDOWS\system32\wshbth.dll
0x00007ffc3ddf0000 - 0x00007ffc3ddfa000 	C:\Windows\System32\rasadhlp.dll
0x00007ffc3f700000 - 0x00007ffc3f777000 	C:\WINDOWS\System32\fwpuclnt.dll
0x00000000035e0000 - 0x0000000003606000 	C:\WINDOWS\System32\bcrypt.dll

VM Arguments:
jvm_args: -javaagent:D:\Program Files\JetBrains\IntelliJ IDEA 2019.2.1\lib\idea_rt.jar=9878:D:\Program Files\JetBrains\IntelliJ IDEA 2019.2.1\bin -Dfile.encoding=UTF-8 
java_command: com.chuangwei.internalAnswer.InternalAnswerApplication
java_class_path (initial): D:\jdk8\jre\lib\charsets.jar;D:\jdk8\jre\lib\deploy.jar;D:\jdk8\jre\lib\ext\access-bridge-64.jar;D:\jdk8\jre\lib\ext\cldrdata.jar;D:\jdk8\jre\lib\ext\dnsns.jar;D:\jdk8\jre\lib\ext\jaccess.jar;D:\jdk8\jre\lib\ext\jfxrt.jar;D:\jdk8\jre\lib\ext\localedata.jar;D:\jdk8\jre\lib\ext\nashorn.jar;D:\jdk8\jre\lib\ext\servlet-api.jar;D:\jdk8\jre\lib\ext\sunec.jar;D:\jdk8\jre\lib\ext\sunjce_provider.jar;D:\jdk8\jre\lib\ext\sunmscapi.jar;D:\jdk8\jre\lib\ext\sunpkcs11.jar;D:\jdk8\jre\lib\ext\zipfs.jar;D:\jdk8\jre\lib\javaws.jar;D:\jdk8\jre\lib\jce.jar;D:\jdk8\jre\lib\jfr.jar;D:\jdk8\jre\lib\jfxswt.jar;D:\jdk8\jre\lib\jsse.jar;D:\jdk8\jre\lib\management-agent.jar;D:\jdk8\jre\lib\plugin.jar;D:\jdk8\jre\lib\resources.jar;D:\jdk8\jre\lib\rt.jar;D:\chuangwei\internalAnswer\target\classes;C:\Users\lenovo\.m2\repository\com\alibaba\druid\1.1.0\druid-1.1.0.jar;D:\jdk8\lib\jconsole.jar;D:\jdk8\lib\tools.jar;C:\Users\lenovo\.m2\repository\org\springframework\boot\spring-boot-starter-jdbc\1.3.6.RELEASE\spring-boot-starter-jdbc-1.3.6.RELEASE.jar;C:\Users\lenovo\.m2\repository\org\springframework\boot\spring-boot-starter\1.3.6.RELEASE\spring-boot-starter-1.3.6.RELEASE.jar;C:\Users\lenovo\.m2\repository\org\springframework\boot\spring-boot-starter-logging\1.3.6.RELEASE\spring-boot-starter-logging-1.3.6.RELEASE.jar;C:\Users\lenovo\.m2\repository\ch\qos\logback\logback-classic\1.1.7\logback-classic-1.1.7.jar;C:\Users\lenovo\.m2\repository\ch\qos\logback\logback-core\1.1.7\logback-core-1.1.7.jar;C:\Users\lenovo\.m2\repository\org\slf4j\slf4j-api\1.7.21\slf4j-api-1.7.21.jar;C:\Users\lenovo\.m2\repository\org\slf4j\jcl-over-slf4j\1.7.21\jcl-over-slf4j-1.7.21.jar;C:\Users\lenovo\.m2\repository\org\slf4j\jul-to-slf4j\1.7.21\jul-to-slf4j-1.7.21.jar;C:\Users\lenovo\.m2\repository\org\slf4j\log4j-over-slf4j\1.7.21\log4j-over-slf4j-1.7.21.jar;C:\Users\lenovo\.m2\repository\org\yaml\snakeyaml\1.16\snakeyaml-1.16.jar;C:\Users\lenovo\.m2\repository\org\apache\tomcat\tomcat-jdbc\
Launcher Type: SUN_STANDARD

Environment Variables:
JAVA_HOME=D:\jdk8
CLASSPATH=.;D:\jdk8\lib\dt.jar;D:\jdk8\lib\tools.jar
PATH=C:\Program Files\Java\jre-10.0.1\bin;D:\jdk8\bin;D:\Python 2.7.15;C:\Users\lenovo\AppData\Local\Programs\Python\Python37-32;D:\Python 2.7.15\Scripts;C:\Users\lenovo\AppData\Local\Programs\Python\Python37-32\Scripts;D:\Program Files (x86)\Microsoft SQL Server\100\Tools\Binn\;D:\Program Files\Microsoft SQL Server\100\Tools\Binn\;D:\Program Files\Microsoft SQL Server\100\DTS\Binn\;D:\Program Files (x86)\Microsoft SQL Server\100\Tools\Binn\VSShell\Common7\IDE\;C:\Program Files (x86)\Microsoft Visual Studio 9.0\Common7\IDE\PrivateAssemblies\;D:\Program Files (x86)\Microsoft SQL Server\100\DTS\Binn\;C:\WINDOWS\system32;C:\WINDOWS;C:\WINDOWS\System32\Wbem;C:\WINDOWS\System32\WindowsPowerShell\v1.0\;C:\WINDOWS\System32\OpenSSH\;C:\Program Files\Common Files\Autodesk Shared\;D:\Program Files\nodejs\;D:\apache-tomcat-9.0.24-windows-x64\apache-tomcat-9.0.24\bin;D:\apache-tomcat-9.0.24-windows-x64\apache-tomcat-9.0.24\lib;C:\Program Files (x86)\MySQL\MySQL Server 5.5\bin;C:\Users\lenovo\AppData\Local\Microsoft\WindowsApps;C:\Users\lenovo\AppData\Roaming\npm;D:\Program Files\JetBrains\IntelliJ IDEA 2019.2.1\bin;
USERNAME=lenovo
OS=Windows_NT
PROCESSOR_IDENTIFIER=Intel64 Family 6 Model 78 Stepping 3, GenuineIntel



---------------  S Y S T E M  ---------------

OS: Windows 10.0 , 64 bit Build 18362 (10.0.18362.329)

CPU:total 4 (initial active 4) (2 cores per cpu, 2 threads per core) family 6 model 78 stepping 3, cmov, cx8, fxsr, mmx, sse, sse2, sse3, ssse3, sse4.1, sse4.2, popcnt, avx, avx2, aes, clmul, erms, 3dnowpref, lzcnt, ht, tsc, tscinvbit, bmi1, bmi2, adx

Memory: 4k page, physical 8269480k(457592k free), swap 12365480k(3236k free)

vm_info: Java HotSpot(TM) 64-Bit Server VM (25.144-b01) for windows-amd64 JRE (1.8.0_144-b01), built on Jul 21 2017 21:57:33 by "java_re" with MS VC++ 10.0 (VS2010)

time: Sat Sep 14 13:24:46 2019
elapsed time: 6 seconds (0d 0h 0m 6s)

