#
# There is insufficient memory for the Java Runtime Environment to continue.
# Native memory allocation (malloc) failed to allocate 1442016 bytes for Chunk::new
# Possible reasons:
#   The system is out of physical RAM or swap space
#   In 32 bit mode, the process size limit was hit
# Possible solutions:
#   Reduce memory load on the system
#   Increase physical memory or swap space
#   Check if swap backing store is full
#   Use 64 bit Java on a 64 bit OS
#   Decrease Java heap size (-Xmx/-Xms)
#   Decrease number of Java threads
#   Decrease Java thread stack sizes (-Xss)
#   Set larger code cache with -XX:ReservedCodeCacheSize=
# This output file may be truncated or incomplete.
#
#  Out of Memory Error (allocation.cpp:390), pid=20704, tid=0x00000000000054d4
#
# JRE version: Java(TM) SE Runtime Environment (8.0_144-b01) (build 1.8.0_144-b01)
# Java VM: Java HotSpot(TM) 64-Bit Server VM (25.144-b01 mixed mode windows-amd64 compressed oops)
# Failed to write core dump. Minidumps are not enabled by default on client versions of Windows
#

---------------  T H R E A D  ---------------

Current thread (0x00000000198d5800):  JavaThread "C2 CompilerThread0" daemon [_thread_in_native, id=21716, stack(0x0000000019e00000,0x0000000019f00000)]

Stack: [0x0000000019e00000,0x0000000019f00000]
[error occurred during error reporting (printing stack bounds), id 0xc0000005]

Native frames: (J=compiled Java code, j=interpreted, Vv=VM code, C=native code)


Current CompileTask:
C2:   6339 1622       4       org.springframework.core.type.classreading.AnnotationMetadataReadingVisitor::getAnnotationAttributes (7 bytes)


---------------  P R O C E S S  ---------------

Java Threads: ( => current thread )
  0x000000001ad08000 JavaThread "restartedMain" [_thread_in_native, id=23252, stack(0x000000001bc80000,0x000000001bd80000)]
  0x000000001a6d7800 JavaThread "Thread-0" [_thread_blocked, id=21600, stack(0x000000001bb80000,0x000000001bc80000)]
  0x000000001a059000 JavaThread "Service Thread" daemon [_thread_blocked, id=14240, stack(0x000000001a900000,0x000000001aa00000)]
  0x000000001a020800 JavaThread "C1 CompilerThread2" daemon [_thread_blocked, id=17208, stack(0x000000001a800000,0x000000001a900000)]
  0x00000000198d9000 JavaThread "C2 CompilerThread1" daemon [_thread_in_native, id=18160, stack(0x0000000019f00000,0x000000001a000000)]
=>0x00000000198d5800 JavaThread "C2 CompilerThread0" daemon [_thread_in_native, id=21716, stack(0x0000000019e00000,0x0000000019f00000)]
  0x0000000018120800 JavaThread "JDWP Command Reader" daemon [_thread_in_native, id=11040, stack(0x0000000019d00000,0x0000000019e00000)]
  0x000000001811c800 JavaThread "JDWP Event Helper Thread" daemon [_thread_blocked, id=22076, stack(0x0000000019c00000,0x0000000019d00000)]
  0x000000001810d000 JavaThread "JDWP Transport Listener: dt_socket" daemon [_thread_blocked, id=14600, stack(0x0000000019b00000,0x0000000019c00000)]
  0x0000000018105000 JavaThread "Attach Listener" daemon [_thread_blocked, id=11600, stack(0x0000000019a00000,0x0000000019b00000)]
  0x00000000180f4000 JavaThread "Signal Dispatcher" daemon [_thread_blocked, id=16168, stack(0x0000000019900000,0x0000000019a00000)]
  0x00000000180cf000 JavaThread "Finalizer" daemon [_thread_blocked, id=21924, stack(0x0000000019340000,0x0000000019440000)]
  0x00000000035a6000 JavaThread "Reference Handler" daemon [_thread_blocked, id=2872, stack(0x0000000019240000,0x0000000019340000)]
  0x00000000034b5800 JavaThread "main" [_thread_blocked, id=7872, stack(0x0000000003250000,0x0000000003350000)]

Other Threads:
  0x00000000180a7800 VMThread [stack: 0x0000000019140000,0x0000000019240000] [id=18120]
  0x000000001a0a6800 WatcherThread [stack: 0x000000001aa00000,0x000000001ab00000] [id=3876]

VM state:not at safepoint (normal execution)

VM Mutex/Monitor currently owned by a thread: None

Heap:
 PSYoungGen      total 71680K, used 41686K [0x00000000d5f00000, 0x00000000daa00000, 0x0000000100000000)
  eden space 66560K, 54% used [0x00000000d5f00000,0x00000000d82b5cf8,0x00000000da000000)
  from space 5120K, 99% used [0x00000000da500000,0x00000000da9ffc40,0x00000000daa00000)
  to   space 5120K, 0% used [0x00000000da000000,0x00000000da000000,0x00000000da500000)
 ParOldGen       total 87552K, used 8285K [0x0000000081c00000, 0x0000000087180000, 0x00000000d5f00000)
  object space 87552K, 9% used [0x0000000081c00000,0x0000000082417750,0x0000000087180000)
 Metaspace       used 17597K, capacity 17830K, committed 18048K, reserved 1064960K
  class space    used 2118K, capacity 2165K, committed 2176K, reserved 1048576K

Card table byte_map: [0x0000000012970000,0x0000000012d70000] byte_map_base: 0x0000000012562000

Marking Bits: (ParMarkBitMap*) 0x000000006923d850
 Begin Bits: [0x0000000013420000, 0x00000000153b0000)
 End Bits:   [0x00000000153b0000, 0x0000000017340000)

Polling page: 0x0000000001560000

CodeCache: size=245760Kb used=6871Kb max_used=6871Kb free=238888Kb
 bounds [0x00000000035b0000, 0x0000000003c70000, 0x00000000125b0000]
 total_blobs=1994 nmethods=1655 adapters=259
 compilation: enabled

Compilation events (10 events):
Event: 6.199 Thread 0x000000001a020800 1660       3       java.lang.Class::enumConstantDirectory (114 bytes)
Event: 6.201 Thread 0x000000001a020800 nmethod 1660 0x0000000003c64ed0 code [0x0000000003c65160, 0x0000000003c662c8]
Event: 6.202 Thread 0x000000001a020800 1661   !   3       org.springframework.core.io.DefaultResourceLoader::getResource (76 bytes)
Event: 6.203 Thread 0x000000001a020800 nmethod 1661 0x0000000003c66b10 code [0x0000000003c66d60, 0x0000000003c67b78]
Event: 6.212 Thread 0x000000001a020800 1662       3       org.springframework.util.ObjectUtils::addObjectToArray (79 bytes)
Event: 6.213 Thread 0x000000001a020800 nmethod 1662 0x0000000003c68150 code [0x0000000003c68320, 0x0000000003c68c28]
Event: 6.251 Thread 0x000000001a020800 1663   !   3       sun.net.www.protocol.jar.JarFileFactory::getConnection (40 bytes)
Event: 6.251 Thread 0x000000001a020800 nmethod 1663 0x0000000003c68f10 code [0x0000000003c690e0, 0x0000000003c69a88]
Event: 6.263 Thread 0x000000001a020800 1664       3       org.springframework.core.type.classreading.AnnotationMetadataReadingVisitor::visitInnerClass (10 bytes)
Event: 6.263 Thread 0x000000001a020800 nmethod 1664 0x0000000003c69ed0 code [0x0000000003c6a040, 0x0000000003c6a208]

GC Heap History (8 events):
Event: 3.029 GC heap before
{Heap before GC invocations=1 (full 0):
 PSYoungGen      total 38400K, used 33280K [0x00000000d5f00000, 0x00000000d8980000, 0x0000000100000000)
  eden space 33280K, 100% used [0x00000000d5f00000,0x00000000d7f80000,0x00000000d7f80000)
  from space 5120K, 0% used [0x00000000d8480000,0x00000000d8480000,0x00000000d8980000)
  to   space 5120K, 0% used [0x00000000d7f80000,0x00000000d7f80000,0x00000000d8480000)
 ParOldGen       total 87552K, used 0K [0x0000000081c00000, 0x0000000087180000, 0x00000000d5f00000)
  object space 87552K, 0% used [0x0000000081c00000,0x0000000081c00000,0x0000000087180000)
 Metaspace       used 6728K, capacity 6888K, committed 7040K, reserved 1056768K
  class space    used 774K, capacity 825K, committed 896K, reserved 1048576K
Event: 3.039 GC heap after
Heap after GC invocations=1 (full 0):
 PSYoungGen      total 38400K, used 4477K [0x00000000d5f00000, 0x00000000d8980000, 0x0000000100000000)
  eden space 33280K, 0% used [0x00000000d5f00000,0x00000000d5f00000,0x00000000d7f80000)
  from space 5120K, 87% used [0x00000000d7f80000,0x00000000d83df5b0,0x00000000d8480000)
  to   space 5120K, 0% used [0x00000000d8480000,0x00000000d8480000,0x00000000d8980000)
 ParOldGen       total 87552K, used 8K [0x0000000081c00000, 0x0000000087180000, 0x00000000d5f00000)
  object space 87552K, 0% used [0x0000000081c00000,0x0000000081c02000,0x0000000087180000)
 Metaspace       used 6728K, capacity 6888K, committed 7040K, reserved 1056768K
  class space    used 774K, capacity 825K, committed 896K, reserved 1048576K
}
Event: 3.950 GC heap before
{Heap before GC invocations=2 (full 0):
 PSYoungGen      total 38400K, used 37757K [0x00000000d5f00000, 0x00000000d8980000, 0x0000000100000000)
  eden space 33280K, 100% used [0x00000000d5f00000,0x00000000d7f80000,0x00000000d7f80000)
  from space 5120K, 87% used [0x00000000d7f80000,0x00000000d83df5b0,0x00000000d8480000)
  to   space 5120K, 0% used [0x00000000d8480000,0x00000000d8480000,0x00000000d8980000)
 ParOldGen       total 87552K, used 8K [0x0000000081c00000, 0x0000000087180000, 0x00000000d5f00000)
  object space 87552K, 0% used [0x0000000081c00000,0x0000000081c02000,0x0000000087180000)
 Metaspace       used 10086K, capacity 10280K, committed 10496K, reserved 1058816K
  class space    used 1261K, capacity 1273K, committed 1280K, reserved 1048576K
Event: 3.959 GC heap after
Heap after GC invocations=2 (full 0):
 PSYoungGen      total 38400K, used 5115K [0x00000000d5f00000, 0x00000000d8980000, 0x0000000100000000)
  eden space 33280K, 0% used [0x00000000d5f00000,0x00000000d5f00000,0x00000000d7f80000)
  from space 5120K, 99% used [0x00000000d8480000,0x00000000d897efc0,0x00000000d8980000)
  to   space 5120K, 0% used [0x00000000d7f80000,0x00000000d7f80000,0x00000000d8480000)
 ParOldGen       total 87552K, used 1755K [0x0000000081c00000, 0x0000000087180000, 0x00000000d5f00000)
  object space 87552K, 2% used [0x0000000081c00000,0x0000000081db6d38,0x0000000087180000)
 Metaspace       used 10086K, capacity 10280K, committed 10496K, reserved 1058816K
  class space    used 1261K, capacity 1273K, committed 1280K, reserved 1048576K
}
Event: 4.396 GC heap before
{Heap before GC invocations=3 (full 0):
 PSYoungGen      total 38400K, used 38395K [0x00000000d5f00000, 0x00000000d8980000, 0x0000000100000000)
  eden space 33280K, 100% used [0x00000000d5f00000,0x00000000d7f80000,0x00000000d7f80000)
  from space 5120K, 99% used [0x00000000d8480000,0x00000000d897efc0,0x00000000d8980000)
  to   space 5120K, 0% used [0x00000000d7f80000,0x00000000d7f80000,0x00000000d8480000)
 ParOldGen       total 87552K, used 1755K [0x0000000081c00000, 0x0000000087180000, 0x00000000d5f00000)
  object space 87552K, 2% used [0x0000000081c00000,0x0000000081db6d38,0x0000000087180000)
 Metaspace       used 13391K, capacity 13486K, committed 13696K, reserved 1060864K
  class space    used 1646K, capacity 1658K, committed 1664K, reserved 1048576K
Event: 4.408 GC heap after
Heap after GC invocations=3 (full 0):
 PSYoungGen      total 38400K, used 5093K [0x00000000d5f00000, 0x00000000daa00000, 0x0000000100000000)
  eden space 33280K, 0% used [0x00000000d5f00000,0x00000000d5f00000,0x00000000d7f80000)
  from space 5120K, 99% used [0x00000000d7f80000,0x00000000d8479730,0x00000000d8480000)
  to   space 5120K, 0% used [0x00000000da500000,0x00000000da500000,0x00000000daa00000)
 ParOldGen       total 87552K, used 5657K [0x0000000081c00000, 0x0000000087180000, 0x00000000d5f00000)
  object space 87552K, 6% used [0x0000000081c00000,0x0000000082186538,0x0000000087180000)
 Metaspace       used 13391K, capacity 13486K, committed 13696K, reserved 1060864K
  class space    used 1646K, capacity 1658K, committed 1664K, reserved 1048576K
}
Event: 5.363 GC heap before
{Heap before GC invocations=4 (full 0):
 PSYoungGen      total 38400K, used 38373K [0x00000000d5f00000, 0x00000000daa00000, 0x0000000100000000)
  eden space 33280K, 100% used [0x00000000d5f00000,0x00000000d7f80000,0x00000000d7f80000)
  from space 5120K, 99% used [0x00000000d7f80000,0x00000000d8479730,0x00000000d8480000)
  to   space 5120K, 0% used [0x00000000da500000,0x00000000da500000,0x00000000daa00000)
 ParOldGen       total 87552K, used 5657K [0x0000000081c00000, 0x0000000087180000, 0x00000000d5f00000)
  object space 87552K, 6% used [0x0000000081c00000,0x0000000082186538,0x0000000087180000)
 Metaspace       used 15921K, capacity 16164K, committed 16384K, reserved 1062912K
  class space    used 1914K, capacity 1971K, committed 2048K, reserved 1048576K
Event: 5.376 GC heap after
Heap after GC invocations=4 (full 0):
 PSYoungGen      total 71680K, used 5119K [0x00000000d5f00000, 0x00000000daa00000, 0x0000000100000000)
  eden space 66560K, 0% used [0x00000000d5f00000,0x00000000d5f00000,0x00000000da000000)
  from space 5120K, 99% used [0x00000000da500000,0x00000000da9ffc40,0x00000000daa00000)
  to   space 5120K, 0% used [0x00000000da000000,0x00000000da000000,0x00000000da500000)
 ParOldGen       total 87552K, used 8285K [0x0000000081c00000, 0x0000000087180000, 0x00000000d5f00000)
  object space 87552K, 9% used [0x0000000081c00000,0x0000000082417750,0x0000000087180000)
 Metaspace       used 15921K, capacity 16164K, committed 16384K, reserved 1062912K
  class space    used 1914K, capacity 1971K, committed 2048K, reserved 1048576K
}

Deoptimization events (10 events):
Event: 5.277 Thread 0x000000001a77b800 Uncommon trap: reason=unstable_if action=reinterpret pc=0x0000000003af281c method=com.sun.org.apache.xerces.internal.impl.XMLEntityScanner.checkBeforeLoad(Lcom/sun/xml/internal/stream/Entity$ScannedEntity;II)I @ 18
Event: 5.298 Thread 0x000000001a77b800 Uncommon trap: reason=unstable_if action=reinterpret pc=0x0000000003b3de60 method=com.sun.org.apache.xerces.internal.impl.XMLEntityScanner.scanLiteral(ILcom/sun/org/apache/xerces/internal/xni/XMLString;Z)I @ 570
Event: 5.378 Thread 0x000000001a77b800 Uncommon trap: reason=unstable_if action=reinterpret pc=0x0000000003b847f4 method=com.sun.org.apache.xerces.internal.util.SymbolTable.addSymbol([CII)Ljava/lang/String; @ 38
Event: 5.845 Thread 0x000000001a77b800 Uncommon trap: reason=class_check action=maybe_recompile pc=0x0000000003a41550 method=java.util.regex.Matcher.search(I)Z @ 86
Event: 5.845 Thread 0x000000001a77b800 Uncommon trap: reason=bimorphic action=maybe_recompile pc=0x0000000003906bb4 method=java.util.regex.Pattern$GroupHead.match(Ljava/util/regex/Matcher;ILjava/lang/CharSequence;)Z @ 28
Event: 5.845 Thread 0x000000001a77b800 Uncommon trap: reason=bimorphic action=maybe_recompile pc=0x0000000003906bb4 method=java.util.regex.Pattern$GroupHead.match(Ljava/util/regex/Matcher;ILjava/lang/CharSequence;)Z @ 28
Event: 5.845 Thread 0x000000001a77b800 Uncommon trap: reason=bimorphic action=maybe_recompile pc=0x000000000392052c method=java.util.regex.Pattern$BmpCharProperty.match(Ljava/util/regex/Matcher;ILjava/lang/CharSequence;)Z @ 31
Event: 5.845 Thread 0x000000001a77b800 Uncommon trap: reason=unstable_if action=reinterpret pc=0x00000000039203f4 method=java.util.regex.Pattern$BmpCharProperty.match(Ljava/util/regex/Matcher;ILjava/lang/CharSequence;)Z @ 5
Event: 5.928 Thread 0x000000001a77b800 Uncommon trap: reason=bimorphic action=maybe_recompile pc=0x0000000003906bb4 method=java.util.regex.Pattern$GroupHead.match(Ljava/util/regex/Matcher;ILjava/lang/CharSequence;)Z @ 28
Event: 5.928 Thread 0x000000001a77b800 Uncommon trap: reason=bimorphic action=maybe_recompile pc=0x0000000003906bb4 method=java.util.regex.Pattern$GroupHead.match(Ljava/util/regex/Matcher;ILjava/lang/CharSequence;)Z @ 28

Internal exceptions (10 events):
Event: 2.556 Thread 0x00000000034b5800 Exception <a 'java/lang/ArrayIndexOutOfBoundsException'> (0x00000000d74052f8) thrown at [C:\re\workspace\8-2-build-windows-amd64-cygwin\jdk8u144\9417\hotspot\src\share\vm\runtime\sharedRuntime.cpp, line 605]
Event: 2.560 Thread 0x00000000034b5800 Exception <a 'java/lang/ArrayIndexOutOfBoundsException'> (0x00000000d7414c28) thrown at [C:\re\workspace\8-2-build-windows-amd64-cygwin\jdk8u144\9417\hotspot\src\share\vm\runtime\sharedRuntime.cpp, line 605]
Event: 2.564 Thread 0x00000000034b5800 Exception <a 'java/lang/ArrayIndexOutOfBoundsException'> (0x00000000d7426010) thrown at [C:\re\workspace\8-2-build-windows-amd64-cygwin\jdk8u144\9417\hotspot\src\share\vm\runtime\sharedRuntime.cpp, line 605]
Event: 2.685 Thread 0x00000000034b5800 Exception <a 'java/lang/ArrayIndexOutOfBoundsException'> (0x00000000d76b6348) thrown at [C:\re\workspace\8-2-build-windows-amd64-cygwin\jdk8u144\9417\hotspot\src\share\vm\runtime\sharedRuntime.cpp, line 605]
Event: 2.685 Thread 0x00000000034b5800 Exception <a 'java/lang/ArrayIndexOutOfBoundsException'> (0x00000000d76b7630) thrown at [C:\re\workspace\8-2-build-windows-amd64-cygwin\jdk8u144\9417\hotspot\src\share\vm\runtime\sharedRuntime.cpp, line 605]
Event: 3.157 Thread 0x000000001ad08000 Exception <a 'java/io/FileNotFoundException'> (0x00000000d61698b0) thrown at [C:\re\workspace\8-2-build-windows-amd64-cygwin\jdk8u144\9417\hotspot\src\share\vm\prims\jni.cpp, line 709]
Event: 3.375 Thread 0x000000001ad08000 Exception <a 'java/lang/ClassNotFoundException': java/lang/ObjectCustomizer> (0x00000000d68c5400) thrown at [C:\re\workspace\8-2-build-windows-amd64-cygwin\jdk8u144\9417\hotspot\src\share\vm\classfile\systemDictionary.cpp, line 210]
Event: 3.390 Thread 0x000000001ad08000 Exception <a 'java/lang/ClassNotFoundException': org/springframework/boot/SpringApplicationCustomizer> (0x00000000d68ffef0) thrown at [C:\re\workspace\8-2-build-windows-amd64-cygwin\jdk8u144\9417\hotspot\src\share\vm\classfile\systemDictionary.cpp, line 2
Event: 4.010 Thread 0x000000001ad08000 Exception <a 'java/lang/NoSuchMethodError': org.slf4j.impl.StaticMDCBinder.getSingleton()Lorg/slf4j/impl/StaticMDCBinder;> (0x00000000d636a9b8) thrown at [C:\re\workspace\8-2-build-windows-amd64-cygwin\jdk8u144\9417\hotspot\src\share\vm\interpreter\linkRe
Event: 4.016 Thread 0x000000001ad08000 Implicit null exception at 0x00000000037ff094 to 0x00000000037ff32d

Events (10 events):
Event: 6.336 Thread 0x000000001ad08000 DEOPT PACKING pc=0x0000000003a82f7c sp=0x000000001bd7d870
Event: 6.336 Thread 0x000000001ad08000 DEOPT UNPACKING pc=0x00000000035f787f sp=0x000000001bd7d5c0 mode 1
Event: 6.336 Thread 0x000000001ad08000 DEOPT PACKING pc=0x0000000003a4343c sp=0x000000001bd7d8f0
Event: 6.336 Thread 0x000000001ad08000 DEOPT UNPACKING pc=0x00000000035f787f sp=0x000000001bd7d6b8 mode 1
Event: 6.336 Thread 0x000000001ad08000 DEOPT PACKING pc=0x00000000037bbb41 sp=0x000000001bd7d7f0
Event: 6.336 Thread 0x000000001ad08000 DEOPT UNPACKING pc=0x00000000035f787f sp=0x000000001bd7d540 mode 1
Event: 6.336 Thread 0x000000001ad08000 DEOPT PACKING pc=0x0000000003a82f7c sp=0x000000001bd7d870
Event: 6.336 Thread 0x000000001ad08000 DEOPT UNPACKING pc=0x00000000035f787f sp=0x000000001bd7d5c0 mode 1
Event: 6.336 Thread 0x000000001ad08000 DEOPT PACKING pc=0x0000000003a4343c sp=0x000000001bd7d8f0
Event: 6.336 Thread 0x000000001ad08000 DEOPT UNPACKING pc=0x00000000035f787f sp=0x000000001bd7d6b8 mode 1


Dynamic libraries:
0x00007ff7370a0000 - 0x00007ff7370d7000 	D:\jdk8\bin\java.exe
0x00007ffc4b340000 - 0x00007ffc4b530000 	C:\WINDOWS\SYSTEM32\ntdll.dll
0x00007ffc4a3f0000 - 0x00007ffc4a4a2000 	C:\WINDOWS\System32\KERNEL32.DLL
0x00007ffc486c0000 - 0x00007ffc48963000 	C:\WINDOWS\System32\KERNELBASE.dll
0x00007ffc4a5f0000 - 0x00007ffc4a693000 	C:\WINDOWS\System32\ADVAPI32.dll
0x00007ffc49c80000 - 0x00007ffc49d1e000 	C:\WINDOWS\System32\msvcrt.dll
0x00007ffc4a700000 - 0x00007ffc4a797000 	C:\WINDOWS\System32\sechost.dll
0x00007ffc4a080000 - 0x00007ffc4a1a0000 	C:\WINDOWS\System32\RPCRT4.dll
0x00007ffc493f0000 - 0x00007ffc49583000 	C:\WINDOWS\System32\USER32.dll
0x00007ffc48970000 - 0x00007ffc48991000 	C:\WINDOWS\System32\win32u.dll
0x00007ffc4a3c0000 - 0x00007ffc4a3e6000 	C:\WINDOWS\System32\GDI32.dll
0x00007ffc48330000 - 0x00007ffc484c4000 	C:\WINDOWS\System32\gdi32full.dll
0x00007ffc48520000 - 0x00007ffc485be000 	C:\WINDOWS\System32\msvcp_win.dll
0x00007ffc485c0000 - 0x00007ffc486ba000 	C:\WINDOWS\System32\ucrtbase.dll
0x00007ffc3dac0000 - 0x00007ffc3dd45000 	C:\WINDOWS\WinSxS\amd64_microsoft.windows.common-controls_6595b64144ccf1df_6.0.18362.356_none_e6c4af7d130f27cc\COMCTL32.dll
0x00007ffc4a7a0000 - 0x00007ffc4aad6000 	C:\WINDOWS\System32\combase.dll
0x00007ffc489a0000 - 0x00007ffc48a20000 	C:\WINDOWS\System32\bcryptPrimitives.dll
0x00007ffc4ad90000 - 0x00007ffc4adbe000 	C:\WINDOWS\System32\IMM32.DLL
0x00007ffc481a0000 - 0x00007ffc4820e000 	C:\WINDOWS\System32\dtrampo.dll
0x00000000692c0000 - 0x0000000069392000 	D:\jdk8\jre\bin\msvcr100.dll
0x0000000068a20000 - 0x00000000692bd000 	D:\jdk8\jre\bin\server\jvm.dll
0x00007ffc4a070000 - 0x00007ffc4a078000 	C:\WINDOWS\System32\PSAPI.DLL
0x00007ffc2d3f0000 - 0x00007ffc2d3f9000 	C:\WINDOWS\SYSTEM32\WSOCK32.dll
0x0000000002e70000 - 0x0000000002edf000 	C:\WINDOWS\System32\WS2_32.dll
0x00007ffc3cf10000 - 0x00007ffc3cf34000 	C:\WINDOWS\SYSTEM32\WINMM.dll
0x00007ffc3ded0000 - 0x00007ffc3deda000 	C:\WINDOWS\SYSTEM32\VERSION.dll
0x00007ffc3cee0000 - 0x00007ffc3cf0d000 	C:\WINDOWS\SYSTEM32\WINMMBASE.dll
0x00007ffc49250000 - 0x00007ffc4929a000 	C:\WINDOWS\System32\cfgmgr32.dll
0x0000000068a10000 - 0x0000000068a1f000 	D:\jdk8\jre\bin\verify.dll
0x00000000689e0000 - 0x0000000068a09000 	D:\jdk8\jre\bin\java.dll
0x00000000681f0000 - 0x0000000068225000 	D:\jdk8\jre\bin\jdwp.dll
0x0000000068950000 - 0x0000000068958000 	D:\jdk8\jre\bin\npt.dll
0x0000000068230000 - 0x0000000068253000 	D:\jdk8\jre\bin\instrument.dll
0x00000000689c0000 - 0x00000000689d6000 	D:\jdk8\jre\bin\zip.dll
0x00007ffc49590000 - 0x00007ffc49c75000 	C:\WINDOWS\System32\SHELL32.dll
0x00007ffc49d90000 - 0x00007ffc49e39000 	C:\WINDOWS\System32\shcore.dll
0x00007ffc48ad0000 - 0x00007ffc4924e000 	C:\WINDOWS\System32\windows.storage.dll
0x00007ffc482b0000 - 0x00007ffc482cf000 	C:\WINDOWS\System32\profapi.dll
0x00007ffc48220000 - 0x00007ffc4826a000 	C:\WINDOWS\System32\powrprof.dll
0x00007ffc48210000 - 0x00007ffc48220000 	C:\WINDOWS\System32\UMPDC.dll
0x00000000194a0000 - 0x00000000194f2000 	C:\WINDOWS\System32\shlwapi.dll
0x00007ffc48270000 - 0x00007ffc48281000 	C:\WINDOWS\System32\kernel.appcore.dll
0x00007ffc484d0000 - 0x00007ffc484e7000 	C:\WINDOWS\System32\cryptsp.dll
0x0000000068960000 - 0x0000000068969000 	D:\jdk8\jre\bin\dt_socket.dll
0x00007ffc479e0000 - 0x00007ffc47a47000 	C:\WINDOWS\system32\mswsock.dll
0x0000000068970000 - 0x000000006897d000 	D:\jdk8\jre\bin\management.dll
0x00000000689a0000 - 0x00000000689ba000 	D:\jdk8\jre\bin\net.dll
0x00007ffc1d4b0000 - 0x00007ffc1d4c6000 	C:\WINDOWS\system32\napinsp.dll
0x00007ffc1d550000 - 0x00007ffc1d56a000 	C:\WINDOWS\system32\pnrpnsp.dll
0x00007ffc47740000 - 0x00007ffc4780a000 	C:\WINDOWS\SYSTEM32\DNSAPI.dll
0x00007ffc49d20000 - 0x00007ffc49d28000 	C:\WINDOWS\System32\NSI.dll
0x00007ffc476f0000 - 0x00007ffc4772a000 	C:\WINDOWS\SYSTEM32\IPHLPAPI.DLL
0x00007ffc1ff20000 - 0x00007ffc1ff2e000 	C:\WINDOWS\System32\winrnr.dll
0x00007ffc41750000 - 0x00007ffc4176c000 	C:\WINDOWS\system32\NLAapi.dll
0x00007ffc437a0000 - 0x00007ffc437b5000 	C:\WINDOWS\system32\wshbth.dll
0x00007ffc3ddf0000 - 0x00007ffc3ddfa000 	C:\Windows\System32\rasadhlp.dll
0x00007ffc3f700000 - 0x00007ffc3f777000 	C:\WINDOWS\System32\fwpuclnt.dll
0x000000001bd80000 - 0x000000001bda6000 	C:\WINDOWS\System32\bcrypt.dll
0x0000000068980000 - 0x0000000068991000 	D:\jdk8\jre\bin\nio.dll

VM Arguments:
jvm_args: -agentlib:jdwp=transport=dt_socket,address=127.0.0.1:9897,suspend=y,server=n -javaagent:C:\Users\lenovo\.IntelliJIdea2019.2\system\captureAgent\debugger-agent.jar -Dfile.encoding=UTF-8 
java_command: com.chuangwei.internalAnswer.InternalAnswerApplication
java_class_path (initial): D:\jdk8\jre\lib\charsets.jar;D:\jdk8\jre\lib\deploy.jar;D:\jdk8\jre\lib\ext\access-bridge-64.jar;D:\jdk8\jre\lib\ext\cldrdata.jar;D:\jdk8\jre\lib\ext\dnsns.jar;D:\jdk8\jre\lib\ext\jaccess.jar;D:\jdk8\jre\lib\ext\jfxrt.jar;D:\jdk8\jre\lib\ext\localedata.jar;D:\jdk8\jre\lib\ext\nashorn.jar;D:\jdk8\jre\lib\ext\servlet-api.jar;D:\jdk8\jre\lib\ext\sunec.jar;D:\jdk8\jre\lib\ext\sunjce_provider.jar;D:\jdk8\jre\lib\ext\sunmscapi.jar;D:\jdk8\jre\lib\ext\sunpkcs11.jar;D:\jdk8\jre\lib\ext\zipfs.jar;D:\jdk8\jre\lib\javaws.jar;D:\jdk8\jre\lib\jce.jar;D:\jdk8\jre\lib\jfr.jar;D:\jdk8\jre\lib\jfxswt.jar;D:\jdk8\jre\lib\jsse.jar;D:\jdk8\jre\lib\management-agent.jar;D:\jdk8\jre\lib\plugin.jar;D:\jdk8\jre\lib\resources.jar;D:\jdk8\jre\lib\rt.jar;D:\chuangwei\internalAnswer\target\classes;C:\Users\lenovo\.m2\repository\com\alibaba\druid\1.1.0\druid-1.1.0.jar;D:\jdk8\lib\jconsole.jar;D:\jdk8\lib\tools.jar;C:\Users\lenovo\.m2\repository\org\springframework\boot\spring-boot-starter-jdbc\1.3.6.RELEASE\spring-boot-starter-jdbc-1.3.6.RELEASE.jar;C:\Users\lenovo\.m2\repository\org\springframework\boot\spring-boot-starter\1.3.6.RELEASE\spring-boot-starter-1.3.6.RELEASE.jar;C:\Users\lenovo\.m2\repository\org\springframework\boot\spring-boot-starter-logging\1.3.6.RELEASE\spring-boot-starter-logging-1.3.6.RELEASE.jar;C:\Users\lenovo\.m2\repository\ch\qos\logback\logback-classic\1.1.7\logback-classic-1.1.7.jar;C:\Users\lenovo\.m2\repository\ch\qos\logback\logback-core\1.1.7\logback-core-1.1.7.jar;C:\Users\lenovo\.m2\repository\org\slf4j\slf4j-api\1.7.21\slf4j-api-1.7.21.jar;C:\Users\lenovo\.m2\repository\org\slf4j\jcl-over-slf4j\1.7.21\jcl-over-slf4j-1.7.21.jar;C:\Users\lenovo\.m2\repository\org\slf4j\jul-to-slf4j\1.7.21\jul-to-slf4j-1.7.21.jar;C:\Users\lenovo\.m2\repository\org\slf4j\log4j-over-slf4j\1.7.21\log4j-over-slf4j-1.7.21.jar;C:\Users\lenovo\.m2\repository\org\yaml\snakeyaml\1.16\snakeyaml-1.16.jar;C:\Users\lenovo\.m2\repository\org\apache\tomcat\tomcat-jdbc\
Launcher Type: SUN_STANDARD

Environment Variables:
JAVA_HOME=D:\jdk8
CLASSPATH=.;D:\jdk8\lib\dt.jar;D:\jdk8\lib\tools.jar
PATH=C:\Program Files\Java\jre-10.0.1\bin;D:\jdk8\bin;D:\Python 2.7.15;C:\Users\lenovo\AppData\Local\Programs\Python\Python37-32;D:\Python 2.7.15\Scripts;C:\Users\lenovo\AppData\Local\Programs\Python\Python37-32\Scripts;D:\Program Files (x86)\Microsoft SQL Server\100\Tools\Binn\;D:\Program Files\Microsoft SQL Server\100\Tools\Binn\;D:\Program Files\Microsoft SQL Server\100\DTS\Binn\;D:\Program Files (x86)\Microsoft SQL Server\100\Tools\Binn\VSShell\Common7\IDE\;C:\Program Files (x86)\Microsoft Visual Studio 9.0\Common7\IDE\PrivateAssemblies\;D:\Program Files (x86)\Microsoft SQL Server\100\DTS\Binn\;C:\WINDOWS\system32;C:\WINDOWS;C:\WINDOWS\System32\Wbem;C:\WINDOWS\System32\WindowsPowerShell\v1.0\;C:\WINDOWS\System32\OpenSSH\;C:\Program Files\Common Files\Autodesk Shared\;D:\Program Files\nodejs\;D:\apache-tomcat-9.0.24-windows-x64\apache-tomcat-9.0.24\bin;D:\apache-tomcat-9.0.24-windows-x64\apache-tomcat-9.0.24\lib;C:\Program Files (x86)\MySQL\MySQL Server 5.5\bin;C:\Users\lenovo\AppData\Local\Microsoft\WindowsApps;C:\Users\lenovo\AppData\Roaming\npm;D:\Program Files\JetBrains\IntelliJ IDEA 2019.2.1\bin;
USERNAME=lenovo
OS=Windows_NT
PROCESSOR_IDENTIFIER=Intel64 Family 6 Model 78 Stepping 3, GenuineIntel



---------------  S Y S T E M  ---------------

OS: Windows 10.0 , 64 bit Build 18362 (10.0.18362.329)

CPU:total 4 (initial active 4) (2 cores per cpu, 2 threads per core) family 6 model 78 stepping 3, cmov, cx8, fxsr, mmx, sse, sse2, sse3, ssse3, sse4.1, sse4.2, popcnt, avx, avx2, aes, clmul, erms, 3dnowpref, lzcnt, ht, tsc, tscinvbit, bmi1, bmi2, adx

Memory: 4k page, physical 8269480k(443600k free), swap 12365480k(5732k free)

vm_info: Java HotSpot(TM) 64-Bit Server VM (25.144-b01) for windows-amd64 JRE (1.8.0_144-b01), built on Jul 21 2017 21:57:33 by "java_re" with MS VC++ 10.0 (VS2010)

time: Sat Sep 14 13:24:58 2019
elapsed time: 6 seconds (0d 0h 0m 6s)

