#
# There is insufficient memory for the Java Runtime Environment to continue.
# Native memory allocation (malloc) failed to allocate 262160 bytes for Chunk::new
# Possible reasons:
#   The system is out of physical RAM or swap space
#   In 32 bit mode, the process size limit was hit
# Possible solutions:
#   Reduce memory load on the system
#   Increase physical memory or swap space
#   Check if swap backing store is full
#   Use 64 bit Java on a 64 bit OS
#   Decrease Java heap size (-Xmx/-Xms)
#   Decrease number of Java threads
#   Decrease Java thread stack sizes (-Xss)
#   Set larger code cache with -XX:ReservedCodeCacheSize=
# This output file may be truncated or incomplete.
#
#  Out of Memory Error (allocation.cpp:390), pid=9868, tid=0x000000000000490c
#
# JRE version: Java(TM) SE Runtime Environment (8.0_144-b01) (build 1.8.0_144-b01)
# Java VM: Java HotSpot(TM) 64-Bit Server VM (25.144-b01 mixed mode windows-amd64 compressed oops)
# Failed to write core dump. Minidumps are not enabled by default on client versions of Windows
#

---------------  T H R E A D  ---------------

Current thread (0x0000000017848000):  JavaThread "C2 CompilerThread0" daemon [_thread_in_native, id=18700, stack(0x0000000019240000,0x0000000019340000)]

Stack: [0x0000000019240000,0x0000000019340000]
[error occurred during error reporting (printing stack bounds), id 0xc0000005]

Native frames: (J=compiled Java code, j=interpreted, Vv=VM code, C=native code)


Current CompileTask:
C2:   5438 1341       4       org.springframework.core.type.classreading.AnnotationMetadataReadingVisitor::getAnnotationAttributes (7 bytes)


---------------  P R O C E S S  ---------------

Java Threads: ( => current thread )
  0x000000001a179000 JavaThread "background-preinit" [_thread_in_vm, id=12648, stack(0x000000001b1d0000,0x000000001b2d0000)]
  0x0000000018c10800 JavaThread "Service Thread" daemon [_thread_blocked, id=5604, stack(0x0000000019540000,0x0000000019640000)]
  0x0000000018bdb000 JavaThread "C1 CompilerThread2" daemon [_thread_blocked, id=19844, stack(0x0000000019440000,0x0000000019540000)]
  0x000000001784c000 JavaThread "C2 CompilerThread1" daemon [_thread_in_native, id=11092, stack(0x0000000019340000,0x0000000019440000)]
=>0x0000000017848000 JavaThread "C2 CompilerThread0" daemon [_thread_in_native, id=18700, stack(0x0000000019240000,0x0000000019340000)]
  0x0000000017831000 JavaThread "Monitor Ctrl-Break" daemon [_thread_in_native, id=21320, stack(0x0000000019140000,0x0000000019240000)]
  0x0000000017816000 JavaThread "Attach Listener" daemon [_thread_blocked, id=10920, stack(0x0000000019040000,0x0000000019140000)]
  0x0000000017803000 JavaThread "Signal Dispatcher" daemon [_thread_blocked, id=14588, stack(0x0000000018f40000,0x0000000019040000)]
  0x00000000177da800 JavaThread "Finalizer" daemon [_thread_blocked, id=4112, stack(0x0000000018a40000,0x0000000018b40000)]
  0x0000000002cb4000 JavaThread "Reference Handler" daemon [_thread_blocked, id=15224, stack(0x0000000018940000,0x0000000018a40000)]
  0x0000000002bc6000 JavaThread "main" [_thread_in_vm, id=18560, stack(0x00000000029b0000,0x0000000002ab0000)]

Other Threads:
  0x00000000177b7000 VMThread [stack: 0x0000000018840000,0x0000000018940000] [id=17040]
  0x0000000018c7d000 WatcherThread [stack: 0x0000000019650000,0x0000000019750000] [id=15644]

VM state:not at safepoint (normal execution)

VM Mutex/Monitor currently owned by a thread: None

Heap:
 PSYoungGen      total 38400K, used 19006K [0x00000000d5f00000, 0x00000000d8980000, 0x0000000100000000)
  eden space 33280K, 41% used [0x00000000d5f00000,0x00000000d6c92448,0x00000000d7f80000)
  from space 5120K, 99% used [0x00000000d8480000,0x00000000d897d670,0x00000000d8980000)
  to   space 5120K, 0% used [0x00000000d7f80000,0x00000000d7f80000,0x00000000d8480000)
 ParOldGen       total 87552K, used 6568K [0x0000000081c00000, 0x0000000087180000, 0x00000000d5f00000)
  object space 87552K, 7% used [0x0000000081c00000,0x000000008226a350,0x0000000087180000)
 Metaspace       used 16764K, capacity 16962K, committed 17280K, reserved 1064960K
  class space    used 2053K, capacity 2092K, committed 2176K, reserved 1048576K

Card table byte_map: [0x0000000012080000,0x0000000012480000] byte_map_base: 0x0000000011c72000

Marking Bits: (ParMarkBitMap*) 0x000000005334d850
 Begin Bits: [0x0000000012b30000, 0x0000000014ac0000)
 End Bits:   [0x0000000014ac0000, 0x0000000016a50000)

Polling page: 0x0000000000ca0000

CodeCache: size=245760Kb used=5810Kb max_used=5810Kb free=239949Kb
 bounds [0x0000000002cc0000, 0x0000000003280000, 0x0000000011cc0000]
 total_blobs=1766 nmethods=1436 adapters=242
 compilation: enabled

Compilation events (10 events):
Event: 5.392 Thread 0x0000000018bdb000 1437   !   3       com.sun.org.apache.xerces.internal.impl.XMLDocumentFragmentScannerImpl$FragmentContentDriver::next (2346 bytes)
Event: 5.405 Thread 0x0000000018bdb000 nmethod 1437 0x0000000003259850 code [0x000000000325a260, 0x0000000003261298]
Event: 5.412 Thread 0x0000000018bdb000 1439       3       org.springframework.asm.ClassReader::accept (1164 bytes)
Event: 5.420 Thread 0x0000000018bdb000 nmethod 1439 0x0000000003265390 code [0x0000000003265b00, 0x000000000326ada8]
Event: 5.420 Thread 0x0000000018bdb000 1442       3       org.springframework.asm.MethodVisitor::<init> (35 bytes)
Event: 5.421 Thread 0x0000000018bdb000 nmethod 1442 0x0000000003270a90 code [0x0000000003270c00, 0x0000000003270f08]
Event: 5.421 Thread 0x0000000018bdb000 1440       3       java.security.Permission::<init> (10 bytes)
Event: 5.421 Thread 0x0000000018bdb000 nmethod 1440 0x0000000003271010 code [0x0000000003271160, 0x0000000003271330]
Event: 5.421 Thread 0x0000000018bdb000 1441       3       org.springframework.core.type.classreading.AnnotationMetadataReadingVisitor::visitInnerClass (10 bytes)
Event: 5.421 Thread 0x0000000018bdb000 nmethod 1441 0x00000000032713d0 code [0x0000000003271540, 0x00000000032716c8]

GC Heap History (8 events):
Event: 2.658 GC heap before
{Heap before GC invocations=1 (full 0):
 PSYoungGen      total 38400K, used 33280K [0x00000000d5f00000, 0x00000000d8980000, 0x0000000100000000)
  eden space 33280K, 100% used [0x00000000d5f00000,0x00000000d7f80000,0x00000000d7f80000)
  from space 5120K, 0% used [0x00000000d8480000,0x00000000d8480000,0x00000000d8980000)
  to   space 5120K, 0% used [0x00000000d7f80000,0x00000000d7f80000,0x00000000d8480000)
 ParOldGen       total 87552K, used 0K [0x0000000081c00000, 0x0000000087180000, 0x00000000d5f00000)
  object space 87552K, 0% used [0x0000000081c00000,0x0000000081c00000,0x0000000087180000)
 Metaspace       used 7684K, capacity 7850K, committed 7936K, reserved 1056768K
  class space    used 900K, capacity 952K, committed 1024K, reserved 1048576K
Event: 2.669 GC heap after
Heap after GC invocations=1 (full 0):
 PSYoungGen      total 38400K, used 4014K [0x00000000d5f00000, 0x00000000d8980000, 0x0000000100000000)
  eden space 33280K, 0% used [0x00000000d5f00000,0x00000000d5f00000,0x00000000d7f80000)
  from space 5120K, 78% used [0x00000000d7f80000,0x00000000d836ba60,0x00000000d8480000)
  to   space 5120K, 0% used [0x00000000d8480000,0x00000000d8480000,0x00000000d8980000)
 ParOldGen       total 87552K, used 16K [0x0000000081c00000, 0x0000000087180000, 0x00000000d5f00000)
  object space 87552K, 0% used [0x0000000081c00000,0x0000000081c04000,0x0000000087180000)
 Metaspace       used 7684K, capacity 7850K, committed 7936K, reserved 1056768K
  class space    used 900K, capacity 952K, committed 1024K, reserved 1048576K
}
Event: 3.719 GC heap before
{Heap before GC invocations=2 (full 0):
 PSYoungGen      total 38400K, used 37294K [0x00000000d5f00000, 0x00000000d8980000, 0x0000000100000000)
  eden space 33280K, 100% used [0x00000000d5f00000,0x00000000d7f80000,0x00000000d7f80000)
  from space 5120K, 78% used [0x00000000d7f80000,0x00000000d836ba60,0x00000000d8480000)
  to   space 5120K, 0% used [0x00000000d8480000,0x00000000d8480000,0x00000000d8980000)
 ParOldGen       total 87552K, used 16K [0x0000000081c00000, 0x0000000087180000, 0x00000000d5f00000)
  object space 87552K, 0% used [0x0000000081c00000,0x0000000081c04000,0x0000000087180000)
 Metaspace       used 10628K, capacity 10780K, committed 10880K, reserved 1058816K
  class space    used 1334K, capacity 1371K, committed 1408K, reserved 1048576K
Event: 3.731 GC heap after
Heap after GC invocations=2 (full 0):
 PSYoungGen      total 38400K, used 4794K [0x00000000d5f00000, 0x00000000d8980000, 0x0000000100000000)
  eden space 33280K, 0% used [0x00000000d5f00000,0x00000000d5f00000,0x00000000d7f80000)
  from space 5120K, 93% used [0x00000000d8480000,0x00000000d892eac0,0x00000000d8980000)
  to   space 5120K, 0% used [0x00000000d7f80000,0x00000000d7f80000,0x00000000d8480000)
 ParOldGen       total 87552K, used 24K [0x0000000081c00000, 0x0000000087180000, 0x00000000d5f00000)
  object space 87552K, 0% used [0x0000000081c00000,0x0000000081c06000,0x0000000087180000)
 Metaspace       used 10628K, capacity 10780K, committed 10880K, reserved 1058816K
  class space    used 1334K, capacity 1371K, committed 1408K, reserved 1048576K
}
Event: 4.319 GC heap before
{Heap before GC invocations=3 (full 0):
 PSYoungGen      total 38400K, used 38074K [0x00000000d5f00000, 0x00000000d8980000, 0x0000000100000000)
  eden space 33280K, 100% used [0x00000000d5f00000,0x00000000d7f80000,0x00000000d7f80000)
  from space 5120K, 93% used [0x00000000d8480000,0x00000000d892eac0,0x00000000d8980000)
  to   space 5120K, 0% used [0x00000000d7f80000,0x00000000d7f80000,0x00000000d8480000)
 ParOldGen       total 87552K, used 24K [0x0000000081c00000, 0x0000000087180000, 0x00000000d5f00000)
  object space 87552K, 0% used [0x0000000081c00000,0x0000000081c06000,0x0000000087180000)
 Metaspace       used 14102K, capacity 14286K, committed 14336K, reserved 1062912K
  class space    used 1757K, capacity 1790K, committed 1792K, reserved 1048576K
Event: 4.330 GC heap after
Heap after GC invocations=3 (full 0):
 PSYoungGen      total 38400K, used 5108K [0x00000000d5f00000, 0x00000000d8980000, 0x0000000100000000)
  eden space 33280K, 0% used [0x00000000d5f00000,0x00000000d5f00000,0x00000000d7f80000)
  from space 5120K, 99% used [0x00000000d7f80000,0x00000000d847d2e0,0x00000000d8480000)
  to   space 5120K, 0% used [0x00000000d8480000,0x00000000d8480000,0x00000000d8980000)
 ParOldGen       total 87552K, used 4010K [0x0000000081c00000, 0x0000000087180000, 0x00000000d5f00000)
  object space 87552K, 4% used [0x0000000081c00000,0x0000000081feaa98,0x0000000087180000)
 Metaspace       used 14102K, capacity 14286K, committed 14336K, reserved 1062912K
  class space    used 1757K, capacity 1790K, committed 1792K, reserved 1048576K
}
Event: 5.082 GC heap before
{Heap before GC invocations=4 (full 0):
 PSYoungGen      total 38400K, used 38388K [0x00000000d5f00000, 0x00000000d8980000, 0x0000000100000000)
  eden space 33280K, 100% used [0x00000000d5f00000,0x00000000d7f80000,0x00000000d7f80000)
  from space 5120K, 99% used [0x00000000d7f80000,0x00000000d847d2e0,0x00000000d8480000)
  to   space 5120K, 0% used [0x00000000d8480000,0x00000000d8480000,0x00000000d8980000)
 ParOldGen       total 87552K, used 4010K [0x0000000081c00000, 0x0000000087180000, 0x00000000d5f00000)
  object space 87552K, 4% used [0x0000000081c00000,0x0000000081feaa98,0x0000000087180000)
 Metaspace       used 15898K, capacity 16032K, committed 16384K, reserved 1062912K
  class space    used 1962K, capacity 1985K, committed 2048K, reserved 1048576K
Event: 5.092 GC heap after
Heap after GC invocations=4 (full 0):
 PSYoungGen      total 38400K, used 5109K [0x00000000d5f00000, 0x00000000d8980000, 0x0000000100000000)
  eden space 33280K, 0% used [0x00000000d5f00000,0x00000000d5f00000,0x00000000d7f80000)
  from space 5120K, 99% used [0x00000000d8480000,0x00000000d897d670,0x00000000d8980000)
  to   space 5120K, 0% used [0x00000000d7f80000,0x00000000d7f80000,0x00000000d8480000)
 ParOldGen       total 87552K, used 6568K [0x0000000081c00000, 0x0000000087180000, 0x00000000d5f00000)
  object space 87552K, 7% used [0x0000000081c00000,0x000000008226a350,0x0000000087180000)
 Metaspace       used 15898K, capacity 16032K, committed 16384K, reserved 1062912K
  class space    used 1962K, capacity 1985K, committed 2048K, reserved 1048576K
}

Deoptimization events (10 events):
Event: 3.441 Thread 0x0000000002bc6000 Uncommon trap: reason=bimorphic action=maybe_recompile pc=0x00000000030067a4 method=java.util.regex.Pattern$CharProperty.match(Ljava/util/regex/Matcher;ILjava/lang/CharSequence;)Z @ 18
Event: 3.441 Thread 0x0000000002bc6000 Uncommon trap: reason=bimorphic action=maybe_recompile pc=0x00000000030067a4 method=java.util.regex.Pattern$CharProperty.match(Ljava/util/regex/Matcher;ILjava/lang/CharSequence;)Z @ 18
Event: 3.733 Thread 0x000000001a179000 Uncommon trap: reason=predicate action=maybe_recompile pc=0x000000000302cc48 method=java.lang.String.regionMatches(ZILjava/lang/String;II)Z @ 63
Event: 3.836 Thread 0x0000000002bc6000 Uncommon trap: reason=unstable_if action=reinterpret pc=0x0000000002e8bfbc method=java.util.HashMap.hash(Ljava/lang/Object;)I @ 1
Event: 4.102 Thread 0x0000000002bc6000 Uncommon trap: reason=unstable_if action=reinterpret pc=0x0000000003013be0 method=java.io.WinNTFileSystem.normalize(Ljava/lang/String;)Ljava/lang/String; @ 128
Event: 4.114 Thread 0x0000000002bc6000 Uncommon trap: reason=class_check action=maybe_recompile pc=0x0000000003031128 method=java.util.regex.Pattern$CharProperty.match(Ljava/util/regex/Matcher;ILjava/lang/CharSequence;)Z @ 37
Event: 4.114 Thread 0x0000000002bc6000 Uncommon trap: reason=class_check action=maybe_recompile pc=0x0000000003031128 method=java.util.regex.Pattern$CharProperty.match(Ljava/util/regex/Matcher;ILjava/lang/CharSequence;)Z @ 37
Event: 4.114 Thread 0x0000000002bc6000 Uncommon trap: reason=class_check action=maybe_recompile pc=0x0000000003031128 method=java.util.regex.Pattern$CharProperty.match(Ljava/util/regex/Matcher;ILjava/lang/CharSequence;)Z @ 37
Event: 4.114 Thread 0x0000000002bc6000 Uncommon trap: reason=class_check action=maybe_recompile pc=0x0000000003031128 method=java.util.regex.Pattern$CharProperty.match(Ljava/util/regex/Matcher;ILjava/lang/CharSequence;)Z @ 37
Event: 4.905 Thread 0x000000001a179000 Uncommon trap: reason=unstable_if action=reinterpret pc=0x0000000002fbe998 method=java.util.Properties$LineReader.readLine()I @ 200

Internal exceptions (10 events):
Event: 1.172 Thread 0x0000000017816000 Exception <a 'java/security/PrivilegedActionException'> (0x00000000d62ba580) thrown at [C:\re\workspace\8-2-build-windows-amd64-cygwin\jdk8u144\9417\hotspot\src\share\vm\prims\jvm.cpp, line 1390]
Event: 1.483 Thread 0x0000000002bc6000 Exception <a 'java/io/FileNotFoundException'> (0x00000000d64a1f70) thrown at [C:\re\workspace\8-2-build-windows-amd64-cygwin\jdk8u144\9417\hotspot\src\share\vm\prims\jni.cpp, line 709]
Event: 1.829 Thread 0x0000000002bc6000 Exception <a 'java/io/FileNotFoundException'> (0x00000000d6b148c8) thrown at [C:\re\workspace\8-2-build-windows-amd64-cygwin\jdk8u144\9417\hotspot\src\share\vm\prims\jni.cpp, line 709]
Event: 2.157 Thread 0x0000000002bc6000 Exception <a 'java/lang/NoSuchMethodError': org.slf4j.impl.StaticMDCBinder.getSingleton()Lorg/slf4j/impl/StaticMDCBinder;> (0x00000000d7150900) thrown at [C:\re\workspace\8-2-build-windows-amd64-cygwin\jdk8u144\9417\hotspot\src\share\vm\interpreter\linkRe
Event: 2.683 Thread 0x0000000002bc6000 Exception <a 'java/lang/ArrayIndexOutOfBoundsException': 18> (0x00000000d5f51b58) thrown at [C:\re\workspace\8-2-build-windows-amd64-cygwin\jdk8u144\9417\hotspot\src\share\vm\interpreter\interpreterRuntime.cpp, line 366]
Event: 2.684 Thread 0x0000000002bc6000 Exception <a 'java/lang/ArrayIndexOutOfBoundsException': 182> (0x00000000d5f540c0) thrown at [C:\re\workspace\8-2-build-windows-amd64-cygwin\jdk8u144\9417\hotspot\src\share\vm\interpreter\interpreterRuntime.cpp, line 366]
Event: 2.685 Thread 0x0000000002bc6000 Exception <a 'java/lang/ArrayIndexOutOfBoundsException': 60> (0x00000000d5f56440) thrown at [C:\re\workspace\8-2-build-windows-amd64-cygwin\jdk8u144\9417\hotspot\src\share\vm\interpreter\interpreterRuntime.cpp, line 366]
Event: 3.129 Thread 0x0000000002bc6000 Exception <a 'java/lang/ClassNotFoundException': java/lang/ObjectCustomizer> (0x00000000d710de68) thrown at [C:\re\workspace\8-2-build-windows-amd64-cygwin\jdk8u144\9417\hotspot\src\share\vm\classfile\systemDictionary.cpp, line 210]
Event: 3.136 Thread 0x0000000002bc6000 Exception <a 'java/lang/ClassNotFoundException': org/springframework/boot/SpringApplicationCustomizer> (0x00000000d713ab20) thrown at [C:\re\workspace\8-2-build-windows-amd64-cygwin\jdk8u144\9417\hotspot\src\share\vm\classfile\systemDictionary.cpp, line 2
Event: 3.836 Thread 0x0000000002bc6000 Implicit null exception at 0x0000000002e8bdd5 to 0x0000000002e8bfad

Events (10 events):
Event: 5.314 loading class org/apache/tomcat/util/modeler/ParameterInfo
Event: 5.314 loading class org/apache/tomcat/util/modeler/ParameterInfo done
Event: 5.334 loading class javax/management/MBeanParameterInfo
Event: 5.335 loading class javax/management/MBeanParameterInfo done
Event: 5.363 loading class java/util/function/UnaryOperator
Event: 5.363 loading class java/util/function/UnaryOperator done
Event: 5.363 loading class java/util/Spliterator
Event: 5.364 loading class java/util/Spliterator done
Event: 5.382 loading class org/springframework/data/web/config/EnableSpringDataWebSupport
Event: 5.382 loading class org/springframework/data/web/config/EnableSpringDataWebSupport done


Dynamic libraries:
0x00007ff62ec30000 - 0x00007ff62ec67000 	D:\jdk8\bin\java.exe
0x00007ffc29b20000 - 0x00007ffc29d10000 	C:\WINDOWS\SYSTEM32\ntdll.dll
0x00007ffc28cf0000 - 0x00007ffc28da2000 	C:\WINDOWS\System32\KERNEL32.DLL
0x00007ffc26c10000 - 0x00007ffc26eb3000 	C:\WINDOWS\System32\KERNELBASE.dll
0x00007ffc28ef0000 - 0x00007ffc28f93000 	C:\WINDOWS\System32\ADVAPI32.dll
0x00007ffc28b00000 - 0x00007ffc28b9e000 	C:\WINDOWS\System32\msvcrt.dll
0x00007ffc280a0000 - 0x00007ffc28137000 	C:\WINDOWS\System32\sechost.dll
0x00007ffc29690000 - 0x00007ffc297b0000 	C:\WINDOWS\System32\RPCRT4.dll
0x00007ffc27c80000 - 0x00007ffc27e13000 	C:\WINDOWS\System32\USER32.dll
0x00007ffc26b60000 - 0x00007ffc26b81000 	C:\WINDOWS\System32\win32u.dll
0x00007ffc285f0000 - 0x00007ffc28616000 	C:\WINDOWS\System32\GDI32.dll
0x00007ffc26ec0000 - 0x00007ffc27054000 	C:\WINDOWS\System32\gdi32full.dll
0x00007ffc27980000 - 0x00007ffc27a1e000 	C:\WINDOWS\System32\msvcp_win.dll
0x00007ffc27a80000 - 0x00007ffc27b7a000 	C:\WINDOWS\System32\ucrtbase.dll
0x00007ffc18550000 - 0x00007ffc187d5000 	C:\WINDOWS\WinSxS\amd64_microsoft.windows.common-controls_6595b64144ccf1df_6.0.18362.295_none_e6c3acbd13101292\COMCTL32.dll
0x00007ffc282b0000 - 0x00007ffc285e6000 	C:\WINDOWS\System32\combase.dll
0x00007ffc26b90000 - 0x00007ffc26c10000 	C:\WINDOWS\System32\bcryptPrimitives.dll
0x00007ffc28140000 - 0x00007ffc2816e000 	C:\WINDOWS\System32\IMM32.DLL
0x00007ffc26980000 - 0x00007ffc269ee000 	C:\WINDOWS\System32\dtrampo.dll
0x0000000054260000 - 0x0000000054332000 	D:\jdk8\jre\bin\msvcr100.dll
0x0000000052b30000 - 0x00000000533cd000 	D:\jdk8\jre\bin\server\jvm.dll
0x00007ffc29ad0000 - 0x00007ffc29ad8000 	C:\WINDOWS\System32\PSAPI.DLL
0x00007ffbff9f0000 - 0x00007ffbff9f9000 	C:\WINDOWS\SYSTEM32\WSOCK32.dll
0x00007ffc28c00000 - 0x00007ffc28c6f000 	C:\WINDOWS\System32\WS2_32.dll
0x00007ffc23320000 - 0x00007ffc23344000 	C:\WINDOWS\SYSTEM32\WINMM.dll
0x00007ffc19cd0000 - 0x00007ffc19cda000 	C:\WINDOWS\SYSTEM32\VERSION.dll
0x00007ffc232f0000 - 0x00007ffc2331d000 	C:\WINDOWS\SYSTEM32\WINMMBASE.dll
0x00007ffc27b80000 - 0x00007ffc27bca000 	C:\WINDOWS\System32\cfgmgr32.dll
0x0000000054250000 - 0x000000005425f000 	D:\jdk8\jre\bin\verify.dll
0x0000000054220000 - 0x0000000054249000 	D:\jdk8\jre\bin\java.dll
0x00000000541f0000 - 0x0000000054213000 	D:\jdk8\jre\bin\instrument.dll
0x00000000541d0000 - 0x00000000541e6000 	D:\jdk8\jre\bin\zip.dll
0x00007ffc28fa0000 - 0x00007ffc29682000 	C:\WINDOWS\System32\SHELL32.dll
0x00007ffc28e10000 - 0x00007ffc28eb9000 	C:\WINDOWS\System32\shcore.dll
0x00007ffc271e0000 - 0x00007ffc2795c000 	C:\WINDOWS\System32\windows.storage.dll
0x00007ffc26a70000 - 0x00007ffc26a8f000 	C:\WINDOWS\System32\profapi.dll
0x00007ffc26a20000 - 0x00007ffc26a6a000 	C:\WINDOWS\System32\powrprof.dll
0x00007ffc269f0000 - 0x00007ffc26a00000 	C:\WINDOWS\System32\UMPDC.dll
0x00007ffc28db0000 - 0x00007ffc28e02000 	C:\WINDOWS\System32\shlwapi.dll
0x00007ffc26a00000 - 0x00007ffc26a11000 	C:\WINDOWS\System32\kernel.appcore.dll
0x00007ffc27960000 - 0x00007ffc27977000 	C:\WINDOWS\System32\cryptsp.dll
0x00007ffc0e240000 - 0x00007ffc0e25a000 	D:\Program Files\JetBrains\IntelliJ IDEA 2019.2.1\bin\breakgen64.dll
0x00000000541b0000 - 0x00000000541ca000 	D:\jdk8\jre\bin\net.dll
0x00007ffc261c0000 - 0x00007ffc26227000 	C:\WINDOWS\system32\mswsock.dll
0x00000000541a0000 - 0x00000000541ad000 	D:\jdk8\jre\bin\management.dll
0x00007ffbff7b0000 - 0x00007ffbff7c6000 	C:\WINDOWS\system32\napinsp.dll
0x00007ffbff7d0000 - 0x00007ffbff7ea000 	C:\WINDOWS\system32\pnrpnsp.dll
0x00007ffc25f20000 - 0x00007ffc25fea000 	C:\WINDOWS\SYSTEM32\DNSAPI.dll
0x00007ffc28ee0000 - 0x00007ffc28ee8000 	C:\WINDOWS\System32\NSI.dll
0x00007ffc25ed0000 - 0x00007ffc25f0a000 	C:\WINDOWS\SYSTEM32\IPHLPAPI.DLL
0x00007ffbff7a0000 - 0x00007ffbff7ae000 	C:\WINDOWS\System32\winrnr.dll
0x00007ffc22a40000 - 0x00007ffc22a5c000 	C:\WINDOWS\system32\NLAapi.dll
0x00007ffc20d30000 - 0x00007ffc20d45000 	C:\WINDOWS\system32\wshbth.dll
0x00007ffc1bdb0000 - 0x00007ffc1bdba000 	C:\Windows\System32\rasadhlp.dll
0x00007ffc1a9d0000 - 0x00007ffc1aa47000 	C:\WINDOWS\System32\fwpuclnt.dll
0x00007ffc271b0000 - 0x00007ffc271d6000 	C:\WINDOWS\System32\bcrypt.dll

VM Arguments:
jvm_args: -ea -Didea.test.cyclic.buffer.size=1048576 -javaagent:D:\Program Files\JetBrains\IntelliJ IDEA 2019.2.1\lib\idea_rt.jar=4294:D:\Program Files\JetBrains\IntelliJ IDEA 2019.2.1\bin -Dfile.encoding=UTF-8 
java_command: com.intellij.rt.execution.junit.JUnitStarter -ideVersion5 -junit4 com.chuangwei.internalAnswer.InitDatabaseTests
java_class_path (initial): D:\Program Files\JetBrains\IntelliJ IDEA 2019.2.1\lib\idea_rt.jar;D:\Program Files\JetBrains\IntelliJ IDEA 2019.2.1\plugins\junit\lib\junit-rt.jar;D:\Program Files\JetBrains\IntelliJ IDEA 2019.2.1\plugins\junit\lib\junit5-rt.jar;D:\jdk8\jre\lib\charsets.jar;D:\jdk8\jre\lib\deploy.jar;D:\jdk8\jre\lib\ext\access-bridge-64.jar;D:\jdk8\jre\lib\ext\cldrdata.jar;D:\jdk8\jre\lib\ext\dnsns.jar;D:\jdk8\jre\lib\ext\jaccess.jar;D:\jdk8\jre\lib\ext\jfxrt.jar;D:\jdk8\jre\lib\ext\localedata.jar;D:\jdk8\jre\lib\ext\nashorn.jar;D:\jdk8\jre\lib\ext\servlet-api.jar;D:\jdk8\jre\lib\ext\sunec.jar;D:\jdk8\jre\lib\ext\sunjce_provider.jar;D:\jdk8\jre\lib\ext\sunmscapi.jar;D:\jdk8\jre\lib\ext\sunpkcs11.jar;D:\jdk8\jre\lib\ext\zipfs.jar;D:\jdk8\jre\lib\javaws.jar;D:\jdk8\jre\lib\jce.jar;D:\jdk8\jre\lib\jfr.jar;D:\jdk8\jre\lib\jfxswt.jar;D:\jdk8\jre\lib\jsse.jar;D:\jdk8\jre\lib\management-agent.jar;D:\jdk8\jre\lib\plugin.jar;D:\jdk8\jre\lib\resources.jar;D:\jdk8\jre\lib\rt.jar;D:\chuangwei\internalAnswer\target\test-classes;D:\chuangwei\internalAnswer\target\classes;C:\Users\lenovo\.m2\repository\org\springframework\boot\spring-boot-starter-freemarker\1.3.6.RELEASE\spring-boot-starter-freemarker-1.3.6.RELEASE.jar;C:\Users\lenovo\.m2\repository\org\springframework\boot\spring-boot-starter\1.3.6.RELEASE\spring-boot-starter-1.3.6.RELEASE.jar;C:\Users\lenovo\.m2\repository\org\springframework\boot\spring-boot-starter-logging\1.3.6.RELEASE\spring-boot-starter-logging-1.3.6.RELEASE.jar;C:\Users\lenovo\.m2\repository\ch\qos\logback\logback-classic\1.1.7\logback-classic-1.1.7.jar;C:\Users\lenovo\.m2\repository\ch\qos\logback\logback-core\1.1.7\logback-core-1.1.7.jar;C:\Users\lenovo\.m2\repository\org\slf4j\slf4j-api\1.7.21\slf4j-api-1.7.21.jar;C:\Users\lenovo\.m2\repository\org\slf4j\jcl-over-slf4j\1.7.21\jcl-over-slf4j-1.7.21.jar;C:\Users\lenovo\.m2\repository\org\slf4j\jul-to-slf4j\1.7.21\jul-to-slf4j-1.7.21.jar;C:\Users\lenovo\.m2\repository\org\slf4j\log4j-over-slf4j
Launcher Type: SUN_STANDARD

Environment Variables:
JAVA_HOME=D:\jdk8
CLASSPATH=.;D:\jdk8\lib\dt.jar;D:\jdk8\lib\tools.jar
PATH=C:\Program Files\Java\jre-10.0.1\bin;D:\jdk8\bin;D:\Python 2.7.15;C:\Users\lenovo\AppData\Local\Programs\Python\Python37-32;D:\Python 2.7.15\Scripts;C:\Users\lenovo\AppData\Local\Programs\Python\Python37-32\Scripts;D:\Program Files (x86)\Microsoft SQL Server\100\Tools\Binn\;D:\Program Files\Microsoft SQL Server\100\Tools\Binn\;D:\Program Files\Microsoft SQL Server\100\DTS\Binn\;D:\Program Files (x86)\Microsoft SQL Server\100\Tools\Binn\VSShell\Common7\IDE\;C:\Program Files (x86)\Microsoft Visual Studio 9.0\Common7\IDE\PrivateAssemblies\;D:\Program Files (x86)\Microsoft SQL Server\100\DTS\Binn\;C:\WINDOWS\system32;C:\WINDOWS;C:\WINDOWS\System32\Wbem;C:\WINDOWS\System32\WindowsPowerShell\v1.0\;C:\WINDOWS\System32\OpenSSH\;C:\Program Files\Common Files\Autodesk Shared\;D:\Program Files\nodejs\;D:\apache-tomcat-9.0.24-windows-x64\apache-tomcat-9.0.24\bin;D:\apache-tomcat-9.0.24-windows-x64\apache-tomcat-9.0.24\lib;C:\Users\lenovo\AppData\Local\Microsoft\WindowsApps;C:\Users\lenovo\AppData\Roaming\npm;D:\Program Files\JetBrains\IntelliJ IDEA 2019.2.1\bin;
USERNAME=lenovo
OS=Windows_NT
PROCESSOR_IDENTIFIER=Intel64 Family 6 Model 78 Stepping 3, GenuineIntel



---------------  S Y S T E M  ---------------

OS: Windows 10.0 , 64 bit Build 18362 (10.0.18362.86)

CPU:total 4 (initial active 4) (2 cores per cpu, 2 threads per core) family 6 model 78 stepping 3, cmov, cx8, fxsr, mmx, sse, sse2, sse3, ssse3, sse4.1, sse4.2, popcnt, avx, avx2, aes, clmul, erms, 3dnowpref, lzcnt, ht, tsc, tscinvbit, bmi1, bmi2, adx

Memory: 4k page, physical 8269480k(491928k free), swap 12365480k(3240k free)

vm_info: Java HotSpot(TM) 64-Bit Server VM (25.144-b01) for windows-amd64 JRE (1.8.0_144-b01), built on Jul 21 2017 21:57:33 by "java_re" with MS VC++ 10.0 (VS2010)

time: Wed Sep 11 16:02:04 2019
elapsed time: 5 seconds (0d 0h 0m 5s)

